[2025-03-06 03:35:32,658: INFO: main: Welcome to our custom logging data science]
[2025-03-07 00:51:28,071: INFO: common: yaml file: config\config.yaml loaded successfully]
[2025-03-07 00:51:28,078: INFO: common: yaml file: params.yaml loaded successfully]
[2025-03-07 00:51:28,080: INFO: common: yaml file: schema.yaml loaded successfully]
[2025-03-07 00:51:28,082: INFO: common: created directory at: artifacts]
[2025-03-07 00:51:28,083: INFO: common: created directory at: artifacts/data_ingestion]
[2025-03-07 00:51:29,455: INFO: 11311155: artifacts/data_ingestion/data.zip download! with following info: 
Connection: close
Content-Length: 23329
Cache-Control: max-age=300
Content-Security-Policy: default-src 'none'; style-src 'unsafe-inline'; sandbox
Content-Type: application/zip
ETag: "c69888a4ae59bc5a893392785a938ccd4937981c06ba8a9d6a21aa52b4ab5b6e"
Strict-Transport-Security: max-age=31536000
X-Content-Type-Options: nosniff
X-Frame-Options: deny
X-XSS-Protection: 1; mode=block
X-GitHub-Request-Id: CCA6:1EA3EA:460052:4EA6D2:67CA26F6
Accept-Ranges: bytes
Date: Thu, 06 Mar 2025 22:51:35 GMT
Via: 1.1 varnish
X-Served-By: cache-lin1730020-LIN
X-Cache: MISS
X-Cache-Hits: 0
X-Timer: S1741301495.105428,VS0,VE169
Vary: Authorization,Accept-Encoding,Origin
Access-Control-Allow-Origin: *
Cross-Origin-Resource-Policy: cross-origin
X-Fastly-Request-ID: 606700f80027fd18791a6a11a564a85065a5d8cf
Expires: Thu, 06 Mar 2025 22:56:35 GMT
Source-Age: 0

]
[2025-03-07 03:08:17,333: INFO: main: Welcome to our custom logging data science]
[2025-03-07 03:08:17,334: INFO: main: >>>>>> stage Data Ingestion stage started <<<<<<]
[2025-03-07 03:08:17,342: INFO: common: yaml file: config\config.yaml loaded successfully]
[2025-03-07 03:08:17,348: INFO: common: yaml file: params.yaml loaded successfully]
[2025-03-07 03:08:17,350: INFO: common: yaml file: schema.yaml loaded successfully]
[2025-03-07 03:08:17,350: INFO: common: created directory at: artifacts]
[2025-03-07 03:08:17,350: INFO: common: created directory at: artifacts/data_ingestion]
[2025-03-07 03:08:18,710: INFO: data_ingestion: artifacts/data_ingestion/data.zip download! with following info: 
Connection: close
Content-Length: 23329
Cache-Control: max-age=300
Content-Security-Policy: default-src 'none'; style-src 'unsafe-inline'; sandbox
Content-Type: application/zip
ETag: "c69888a4ae59bc5a893392785a938ccd4937981c06ba8a9d6a21aa52b4ab5b6e"
Strict-Transport-Security: max-age=31536000
X-Content-Type-Options: nosniff
X-Frame-Options: deny
X-XSS-Protection: 1; mode=block
X-GitHub-Request-Id: B1EC:394B0A:570D67:62FC9F:67CA4707
Accept-Ranges: bytes
Date: Fri, 07 Mar 2025 01:08:25 GMT
Via: 1.1 varnish
X-Served-By: cache-lin1730072-LIN
X-Cache: MISS
X-Cache-Hits: 0
X-Timer: S1741309705.980446,VS0,VE186
Vary: Authorization,Accept-Encoding,Origin
Access-Control-Allow-Origin: *
Cross-Origin-Resource-Policy: cross-origin
X-Fastly-Request-ID: 53e4ece8806a3868a74845fc65baec912dc438eb
Expires: Fri, 07 Mar 2025 01:13:25 GMT
Source-Age: 0

]
[2025-03-07 03:08:18,724: INFO: main: >>>>>> stage Data Ingestion stage completed <<<<<<

x============x]
[2025-03-08 01:51:17,748: INFO: common: yaml file: config\config.yaml loaded successfully]
[2025-03-08 01:51:17,753: INFO: common: yaml file: params.yaml loaded successfully]
[2025-03-08 01:51:17,757: INFO: common: yaml file: schema.yaml loaded successfully]
[2025-03-08 01:51:17,760: INFO: common: created directory at: artifacts]
[2025-03-08 01:51:17,760: INFO: common: created directory at: artifacts/data_validation]
[2025-03-08 01:52:36,920: INFO: common: yaml file: config\config.yaml loaded successfully]
[2025-03-08 01:52:36,922: INFO: common: yaml file: params.yaml loaded successfully]
[2025-03-08 01:52:36,925: INFO: common: yaml file: schema.yaml loaded successfully]
[2025-03-08 01:52:36,926: INFO: common: created directory at: artifacts]
[2025-03-08 01:52:36,927: INFO: common: created directory at: artifacts/data_validation]
[2025-03-08 02:06:39,078: INFO: main: Welcome to our custom logging data science]
[2025-03-08 02:06:39,079: INFO: main: >>>>>> stage Data Ingestion stage started <<<<<<]
[2025-03-08 02:06:39,081: INFO: common: yaml file: config\config.yaml loaded successfully]
[2025-03-08 02:06:39,082: INFO: common: yaml file: params.yaml loaded successfully]
[2025-03-08 02:06:39,083: INFO: common: yaml file: schema.yaml loaded successfully]
[2025-03-08 02:06:39,083: INFO: common: created directory at: artifacts]
[2025-03-08 02:06:39,084: INFO: common: created directory at: artifacts/data_ingestion]
[2025-03-08 02:06:39,084: INFO: data_ingestion: File already exists]
[2025-03-08 02:06:39,099: INFO: main: >>>>>> stage Data Ingestion stage completed <<<<<<

x============x]
[2025-03-08 02:06:39,099: INFO: main: >>>>>> stage Data Validation stage started <<<<<<]
[2025-03-08 02:06:39,101: INFO: common: yaml file: config\config.yaml loaded successfully]
[2025-03-08 02:06:39,102: INFO: common: yaml file: params.yaml loaded successfully]
[2025-03-08 02:06:39,104: INFO: common: yaml file: schema.yaml loaded successfully]
[2025-03-08 02:06:39,104: INFO: common: created directory at: artifacts]
[2025-03-08 02:06:39,104: INFO: common: created directory at: artifacts/data_validation]
[2025-03-08 02:06:39,104: ERROR: main: 'DataIngestion' object has no attribute 'validate_all_columns']
Traceback (most recent call last):
  File "F:\zizo\MLOPS\datascienceproject\main.py", line 20, in <module>
    obj.initiate_data_validation()
  File "F:\zizo\MLOPS\datascienceproject\src\datascience\pipeline\data_validation_pipeline.py", line 16, in initiate_data_validation
    data_validation.validate_all_columns()
AttributeError: 'DataIngestion' object has no attribute 'validate_all_columns'
[2025-03-08 02:08:36,981: INFO: main: Welcome to our custom logging data science]
[2025-03-08 02:08:36,981: INFO: main: >>>>>> stage Data Ingestion stage started <<<<<<]
[2025-03-08 02:08:36,983: INFO: common: yaml file: config\config.yaml loaded successfully]
[2025-03-08 02:08:36,983: INFO: common: yaml file: params.yaml loaded successfully]
[2025-03-08 02:08:36,986: INFO: common: yaml file: schema.yaml loaded successfully]
[2025-03-08 02:08:36,986: INFO: common: created directory at: artifacts]
[2025-03-08 02:08:36,986: INFO: common: created directory at: artifacts/data_ingestion]
[2025-03-08 02:08:36,987: INFO: data_ingestion: File already exists]
[2025-03-08 02:08:36,988: INFO: main: >>>>>> stage Data Ingestion stage completed <<<<<<

x============x]
[2025-03-08 02:08:36,988: INFO: main: >>>>>> stage Data Validation stage started <<<<<<]
[2025-03-08 02:08:36,989: INFO: common: yaml file: config\config.yaml loaded successfully]
[2025-03-08 02:08:36,990: INFO: common: yaml file: params.yaml loaded successfully]
[2025-03-08 02:08:36,991: INFO: common: yaml file: schema.yaml loaded successfully]
[2025-03-08 02:08:36,992: INFO: common: created directory at: artifacts]
[2025-03-08 02:08:36,992: INFO: common: created directory at: artifacts/data_validation]
[2025-03-08 02:08:36,999: INFO: main: >>>>>> stage Data Validation stage completed <<<<<<

x============x]
[2025-03-09 00:46:32,644: INFO: common: yaml file: config\config.yaml loaded successfully]
[2025-03-09 00:46:32,646: INFO: common: yaml file: params.yaml loaded successfully]
[2025-03-09 00:46:32,650: INFO: common: yaml file: schema.yaml loaded successfully]
[2025-03-09 00:46:32,652: INFO: common: created directory at: artifacts]
[2025-03-09 00:46:32,653: INFO: common: created directory at: artifacts/data_transformation]
[2025-03-09 00:46:32,690: INFO: 1168814766: Splited data into training and test sets]
[2025-03-09 00:46:32,691: INFO: 1168814766: (1199, 12)]
[2025-03-09 00:46:32,692: INFO: 1168814766: (400, 12)]
[2025-03-09 01:03:03,712: INFO: main: Welcome to our custom logging data science]
[2025-03-09 01:03:03,712: INFO: main: >>>>>> stage Data Ingestion stage started <<<<<<]
[2025-03-09 01:03:03,714: INFO: common: yaml file: config\config.yaml loaded successfully]
[2025-03-09 01:03:03,715: INFO: common: yaml file: params.yaml loaded successfully]
[2025-03-09 01:03:03,717: INFO: common: yaml file: schema.yaml loaded successfully]
[2025-03-09 01:03:03,717: INFO: common: created directory at: artifacts]
[2025-03-09 01:03:03,718: INFO: common: created directory at: artifacts/data_ingestion]
[2025-03-09 01:03:03,718: INFO: data_ingestion: File already exists]
[2025-03-09 01:03:03,732: INFO: main: >>>>>> stage Data Ingestion stage completed <<<<<<

x============x]
[2025-03-09 01:03:03,732: INFO: main: >>>>>> stage Data Validation stage started <<<<<<]
[2025-03-09 01:03:03,734: INFO: common: yaml file: config\config.yaml loaded successfully]
[2025-03-09 01:03:03,734: INFO: common: yaml file: params.yaml loaded successfully]
[2025-03-09 01:03:03,736: INFO: common: yaml file: schema.yaml loaded successfully]
[2025-03-09 01:03:03,737: INFO: common: created directory at: artifacts]
[2025-03-09 01:03:03,737: INFO: common: created directory at: artifacts/data_validation]
[2025-03-09 01:03:03,744: INFO: main: >>>>>> stage Data Validation stage completed <<<<<<

x============x]
[2025-03-09 01:03:03,744: INFO: main: >>>>>> stage Data Transformation stage started <<<<<<]
[2025-03-09 01:03:03,746: INFO: main: >>>>>> stage Data Transformation stage completed <<<<<<

x============x]
[2025-03-09 01:03:39,187: INFO: main: Welcome to our custom logging data science]
[2025-03-09 01:03:39,187: INFO: main: >>>>>> stage Data Ingestion stage started <<<<<<]
[2025-03-09 01:03:39,189: INFO: common: yaml file: config\config.yaml loaded successfully]
[2025-03-09 01:03:39,190: INFO: common: yaml file: params.yaml loaded successfully]
[2025-03-09 01:03:39,191: INFO: common: yaml file: schema.yaml loaded successfully]
[2025-03-09 01:03:39,192: INFO: common: created directory at: artifacts]
[2025-03-09 01:03:39,193: INFO: common: created directory at: artifacts/data_ingestion]
[2025-03-09 01:03:39,193: INFO: data_ingestion: File already exists]
[2025-03-09 01:03:39,195: INFO: main: >>>>>> stage Data Ingestion stage completed <<<<<<

x============x]
[2025-03-09 01:03:39,196: INFO: main: >>>>>> stage Data Validation stage started <<<<<<]
[2025-03-09 01:03:39,197: INFO: common: yaml file: config\config.yaml loaded successfully]
[2025-03-09 01:03:39,199: INFO: common: yaml file: params.yaml loaded successfully]
[2025-03-09 01:03:39,200: INFO: common: yaml file: schema.yaml loaded successfully]
[2025-03-09 01:03:39,201: INFO: common: created directory at: artifacts]
[2025-03-09 01:03:39,202: INFO: common: created directory at: artifacts/data_validation]
[2025-03-09 01:03:39,210: INFO: main: >>>>>> stage Data Validation stage completed <<<<<<

x============x]
[2025-03-09 01:03:39,210: INFO: main: >>>>>> stage Data Transformation stage started <<<<<<]
[2025-03-09 01:03:39,212: INFO: main: >>>>>> stage Data Transformation stage completed <<<<<<

x============x]
[2025-03-09 01:04:49,186: INFO: main: Welcome to our custom logging data science]
[2025-03-09 01:04:49,186: INFO: main: >>>>>> stage Data Ingestion stage started <<<<<<]
[2025-03-09 01:04:49,189: INFO: common: yaml file: config\config.yaml loaded successfully]
[2025-03-09 01:04:49,189: INFO: common: yaml file: params.yaml loaded successfully]
[2025-03-09 01:04:49,191: INFO: common: yaml file: schema.yaml loaded successfully]
[2025-03-09 01:04:49,191: INFO: common: created directory at: artifacts]
[2025-03-09 01:04:49,192: INFO: common: created directory at: artifacts/data_ingestion]
[2025-03-09 01:04:49,192: INFO: data_ingestion: File already exists]
[2025-03-09 01:04:49,194: INFO: main: >>>>>> stage Data Ingestion stage completed <<<<<<

x============x]
[2025-03-09 01:04:49,194: INFO: main: >>>>>> stage Data Validation stage started <<<<<<]
[2025-03-09 01:04:49,196: INFO: common: yaml file: config\config.yaml loaded successfully]
[2025-03-09 01:04:49,197: INFO: common: yaml file: params.yaml loaded successfully]
[2025-03-09 01:04:49,198: INFO: common: yaml file: schema.yaml loaded successfully]
[2025-03-09 01:04:49,199: INFO: common: created directory at: artifacts]
[2025-03-09 01:04:49,199: INFO: common: created directory at: artifacts/data_validation]
[2025-03-09 01:04:49,206: INFO: main: >>>>>> stage Data Validation stage completed <<<<<<

x============x]
[2025-03-09 01:04:49,206: INFO: main: >>>>>> stage Data Transformation stage started <<<<<<]
[2025-03-09 01:04:49,209: INFO: common: yaml file: config\config.yaml loaded successfully]
[2025-03-09 01:04:49,210: INFO: common: yaml file: params.yaml loaded successfully]
[2025-03-09 01:04:49,212: INFO: common: yaml file: schema.yaml loaded successfully]
[2025-03-09 01:04:49,212: INFO: common: created directory at: artifacts]
[2025-03-09 01:04:49,213: INFO: common: created directory at: artifacts/data_transformation]
[2025-03-09 01:04:49,228: INFO: data_transformation: Splited data into training and test sets]
[2025-03-09 01:04:49,228: INFO: data_transformation: (1199, 12)]
[2025-03-09 01:04:49,229: INFO: data_transformation: (400, 12)]
[2025-03-09 01:04:49,229: INFO: main: >>>>>> stage Data Transformation stage completed <<<<<<

x============x]
[2025-03-09 01:46:27,585: INFO: common: yaml file: config\config.yaml loaded successfully]
[2025-03-09 01:46:27,596: INFO: common: yaml file: params.yaml loaded successfully]
[2025-03-09 01:46:27,600: INFO: common: yaml file: schema.yaml loaded successfully]
[2025-03-09 01:46:27,603: INFO: common: created directory at: artifacts]
[2025-03-09 01:47:49,922: INFO: common: yaml file: config\config.yaml loaded successfully]
[2025-03-09 01:47:49,923: INFO: common: yaml file: params.yaml loaded successfully]
[2025-03-09 01:47:49,926: INFO: common: yaml file: schema.yaml loaded successfully]
[2025-03-09 01:47:49,927: INFO: common: created directory at: artifacts]
[2025-03-09 01:49:54,491: INFO: common: yaml file: config\config.yaml loaded successfully]
[2025-03-09 01:49:54,493: INFO: common: yaml file: params.yaml loaded successfully]
[2025-03-09 01:49:54,496: INFO: common: yaml file: schema.yaml loaded successfully]
[2025-03-09 01:49:54,497: INFO: common: created directory at: artifacts]
[2025-03-09 01:49:54,498: INFO: common: created directory at: artifacts/model_trainer]
[2025-03-09 01:59:04,111: INFO: main: Welcome to our custom logging data science]
[2025-03-09 01:59:04,111: INFO: main: >>>>>> stage Data Ingestion stage started <<<<<<]
[2025-03-09 01:59:04,114: INFO: common: yaml file: config\config.yaml loaded successfully]
[2025-03-09 01:59:04,115: INFO: common: yaml file: params.yaml loaded successfully]
[2025-03-09 01:59:04,117: INFO: common: yaml file: schema.yaml loaded successfully]
[2025-03-09 01:59:04,118: INFO: common: created directory at: artifacts]
[2025-03-09 01:59:04,118: INFO: common: created directory at: artifacts/data_ingestion]
[2025-03-09 01:59:04,118: INFO: data_ingestion: File already exists]
[2025-03-09 01:59:04,120: INFO: main: >>>>>> stage Data Ingestion stage completed <<<<<<

x============x]
[2025-03-09 01:59:04,121: INFO: main: >>>>>> stage Data Validation stage started <<<<<<]
[2025-03-09 01:59:04,124: INFO: common: yaml file: config\config.yaml loaded successfully]
[2025-03-09 01:59:04,125: INFO: common: yaml file: params.yaml loaded successfully]
[2025-03-09 01:59:04,129: INFO: common: yaml file: schema.yaml loaded successfully]
[2025-03-09 01:59:04,130: INFO: common: created directory at: artifacts]
[2025-03-09 01:59:04,130: INFO: common: created directory at: artifacts/data_validation]
[2025-03-09 01:59:04,138: INFO: main: >>>>>> stage Data Validation stage completed <<<<<<

x============x]
[2025-03-09 01:59:04,138: INFO: main: >>>>>> stage Data Transformation stage started <<<<<<]
[2025-03-09 01:59:04,142: INFO: common: yaml file: config\config.yaml loaded successfully]
[2025-03-09 01:59:04,143: INFO: common: yaml file: params.yaml loaded successfully]
[2025-03-09 01:59:04,145: INFO: common: yaml file: schema.yaml loaded successfully]
[2025-03-09 01:59:04,146: INFO: common: created directory at: artifacts]
[2025-03-09 01:59:04,146: INFO: common: created directory at: artifacts/data_transformation]
[2025-03-09 01:59:04,163: INFO: data_transformation: Splited data into training and test sets]
[2025-03-09 01:59:04,164: INFO: data_transformation: (1199, 12)]
[2025-03-09 01:59:04,164: INFO: data_transformation: (400, 12)]
[2025-03-09 01:59:04,164: INFO: main: >>>>>> stage Data Transformation stage completed <<<<<<

x============x]
[2025-03-09 01:59:04,165: INFO: main: >>>>>> stage Model Trainer stage started <<<<<<]
[2025-03-09 01:59:04,167: INFO: common: yaml file: config\config.yaml loaded successfully]
[2025-03-09 01:59:04,168: INFO: common: yaml file: params.yaml loaded successfully]
[2025-03-09 01:59:04,170: INFO: common: yaml file: schema.yaml loaded successfully]
[2025-03-09 01:59:04,171: INFO: common: created directory at: artifacts]
[2025-03-09 01:59:04,171: INFO: common: created directory at: artifacts/model_trainer]
[2025-03-09 01:59:04,202: INFO: main: >>>>>> stage Model Trainer stage completed <<<<<<

x============x]
[2025-03-09 01:59:29,435: INFO: main: Welcome to our custom logging data science]
[2025-03-09 01:59:29,435: INFO: main: >>>>>> stage Data Ingestion stage started <<<<<<]
[2025-03-09 01:59:29,438: INFO: common: yaml file: config\config.yaml loaded successfully]
[2025-03-09 01:59:29,439: INFO: common: yaml file: params.yaml loaded successfully]
[2025-03-09 01:59:29,440: INFO: common: yaml file: schema.yaml loaded successfully]
[2025-03-09 01:59:29,441: INFO: common: created directory at: artifacts]
[2025-03-09 01:59:29,441: INFO: common: created directory at: artifacts/data_ingestion]
[2025-03-09 01:59:29,441: INFO: data_ingestion: File already exists]
[2025-03-09 01:59:29,443: INFO: main: >>>>>> stage Data Ingestion stage completed <<<<<<

x============x]
[2025-03-09 01:59:29,443: INFO: main: >>>>>> stage Data Validation stage started <<<<<<]
[2025-03-09 01:59:29,446: INFO: common: yaml file: config\config.yaml loaded successfully]
[2025-03-09 01:59:29,447: INFO: common: yaml file: params.yaml loaded successfully]
[2025-03-09 01:59:29,449: INFO: common: yaml file: schema.yaml loaded successfully]
[2025-03-09 01:59:29,450: INFO: common: created directory at: artifacts]
[2025-03-09 01:59:29,450: INFO: common: created directory at: artifacts/data_validation]
[2025-03-09 01:59:29,456: INFO: main: >>>>>> stage Data Validation stage completed <<<<<<

x============x]
[2025-03-09 01:59:29,457: INFO: main: >>>>>> stage Data Transformation stage started <<<<<<]
[2025-03-09 01:59:29,460: INFO: common: yaml file: config\config.yaml loaded successfully]
[2025-03-09 01:59:29,461: INFO: common: yaml file: params.yaml loaded successfully]
[2025-03-09 01:59:29,463: INFO: common: yaml file: schema.yaml loaded successfully]
[2025-03-09 01:59:29,463: INFO: common: created directory at: artifacts]
[2025-03-09 01:59:29,464: INFO: common: created directory at: artifacts/data_transformation]
[2025-03-09 01:59:29,479: INFO: data_transformation: Splited data into training and test sets]
[2025-03-09 01:59:29,479: INFO: data_transformation: (1199, 12)]
[2025-03-09 01:59:29,479: INFO: data_transformation: (400, 12)]
[2025-03-09 01:59:29,479: INFO: main: >>>>>> stage Data Transformation stage completed <<<<<<

x============x]
[2025-03-09 01:59:29,480: INFO: main: >>>>>> stage Model Trainer stage started <<<<<<]
[2025-03-09 01:59:29,482: INFO: common: yaml file: config\config.yaml loaded successfully]
[2025-03-09 01:59:29,483: INFO: common: yaml file: params.yaml loaded successfully]
[2025-03-09 01:59:29,485: INFO: common: yaml file: schema.yaml loaded successfully]
[2025-03-09 01:59:29,485: INFO: common: created directory at: artifacts]
[2025-03-09 01:59:29,485: INFO: common: created directory at: artifacts/model_trainer]
[2025-03-09 01:59:29,516: INFO: main: >>>>>> stage Model Trainer stage completed <<<<<<

x============x]
[2025-03-10 02:11:34,241: INFO: common: yaml file: config\config.yaml loaded successfully]
[2025-03-10 02:11:34,251: INFO: common: yaml file: params.yaml loaded successfully]
[2025-03-10 02:11:34,260: INFO: common: yaml file: schema.yaml loaded successfully]
[2025-03-10 02:11:34,262: INFO: common: created directory at: artifacts]
[2025-03-10 02:11:34,264: INFO: common: created directory at: artifacts/model_evaluation]
[2025-03-10 02:12:19,290: INFO: common: yaml file: config\config.yaml loaded successfully]
[2025-03-10 02:12:19,291: INFO: common: yaml file: params.yaml loaded successfully]
[2025-03-10 02:12:19,293: INFO: common: yaml file: schema.yaml loaded successfully]
[2025-03-10 02:12:19,294: INFO: common: created directory at: artifacts]
[2025-03-10 02:12:19,294: INFO: common: created directory at: artifacts/model_evaluation]
[2025-03-10 02:12:20,271: INFO: common: json file saved at: artifacts\model_evaluation\metrics.json]
[2025-03-10 02:26:31,508: INFO: main: Welcome to our custom logging data science]
[2025-03-10 02:26:31,508: INFO: main: >>>>>> stage Data Ingestion stage started <<<<<<]
[2025-03-10 02:26:31,511: INFO: common: yaml file: config\config.yaml loaded successfully]
[2025-03-10 02:26:31,512: INFO: common: yaml file: params.yaml loaded successfully]
[2025-03-10 02:26:31,515: INFO: common: yaml file: schema.yaml loaded successfully]
[2025-03-10 02:26:31,515: INFO: common: created directory at: artifacts]
[2025-03-10 02:26:31,515: INFO: common: created directory at: artifacts/data_ingestion]
[2025-03-10 02:26:31,516: INFO: data_ingestion: File already exists]
[2025-03-10 02:26:31,530: INFO: main: >>>>>> stage Data Ingestion stage completed <<<<<<

x============x]
[2025-03-10 02:26:31,530: INFO: main: >>>>>> stage Data Validation stage started <<<<<<]
[2025-03-10 02:26:31,533: INFO: common: yaml file: config\config.yaml loaded successfully]
[2025-03-10 02:26:31,534: INFO: common: yaml file: params.yaml loaded successfully]
[2025-03-10 02:26:31,536: INFO: common: yaml file: schema.yaml loaded successfully]
[2025-03-10 02:26:31,537: INFO: common: created directory at: artifacts]
[2025-03-10 02:26:31,538: INFO: common: created directory at: artifacts/data_validation]
[2025-03-10 02:26:31,554: INFO: main: >>>>>> stage Data Validation stage completed <<<<<<

x============x]
[2025-03-10 02:26:31,554: INFO: main: >>>>>> stage Data Transformation stage started <<<<<<]
[2025-03-10 02:26:31,563: INFO: common: yaml file: config\config.yaml loaded successfully]
[2025-03-10 02:26:31,565: INFO: common: yaml file: params.yaml loaded successfully]
[2025-03-10 02:26:31,566: INFO: common: yaml file: schema.yaml loaded successfully]
[2025-03-10 02:26:31,568: INFO: common: created directory at: artifacts]
[2025-03-10 02:26:31,568: INFO: common: created directory at: artifacts/data_transformation]
[2025-03-10 02:26:31,584: INFO: data_transformation: Splited data into training and test sets]
[2025-03-10 02:26:31,584: INFO: data_transformation: (1199, 12)]
[2025-03-10 02:26:31,584: INFO: data_transformation: (400, 12)]
[2025-03-10 02:26:31,585: INFO: main: >>>>>> stage Data Transformation stage completed <<<<<<

x============x]
[2025-03-10 02:26:31,585: INFO: main: >>>>>> stage Model Trainer stage started <<<<<<]
[2025-03-10 02:26:31,588: INFO: common: yaml file: config\config.yaml loaded successfully]
[2025-03-10 02:26:31,590: INFO: common: yaml file: params.yaml loaded successfully]
[2025-03-10 02:26:31,592: INFO: common: yaml file: schema.yaml loaded successfully]
[2025-03-10 02:26:31,593: INFO: common: created directory at: artifacts]
[2025-03-10 02:26:31,593: INFO: common: created directory at: artifacts/model_trainer]
[2025-03-10 02:26:31,621: INFO: main: >>>>>> stage Model Trainer stage completed <<<<<<

x============x]
[2025-03-10 02:26:31,621: INFO: main: >>>>>> stage Model Evaluation stage started <<<<<<]
[2025-03-10 02:26:31,624: INFO: common: yaml file: config\config.yaml loaded successfully]
[2025-03-10 02:26:31,625: INFO: common: yaml file: params.yaml loaded successfully]
[2025-03-10 02:26:31,627: INFO: common: yaml file: schema.yaml loaded successfully]
[2025-03-10 02:26:31,627: INFO: common: created directory at: artifacts]
[2025-03-10 02:26:31,628: INFO: common: created directory at: artifacts/model_evaluation]
[2025-03-10 02:26:32,345: INFO: common: json file saved at: artifacts\model_evaluation\metrics.json]
[2025-03-10 02:26:37,579: INFO: main: >>>>>> stage Model Evaluation stage completed <<<<<<

x============x]
[2025-03-10 02:29:39,181: INFO: main: Welcome to our custom logging data science]
[2025-03-10 02:29:39,182: INFO: main: >>>>>> stage Data Ingestion stage started <<<<<<]
[2025-03-10 02:29:39,184: INFO: common: yaml file: config\config.yaml loaded successfully]
[2025-03-10 02:29:39,185: INFO: common: yaml file: params.yaml loaded successfully]
[2025-03-10 02:29:39,186: INFO: common: yaml file: schema.yaml loaded successfully]
[2025-03-10 02:29:39,187: INFO: common: created directory at: artifacts]
[2025-03-10 02:29:39,187: INFO: common: created directory at: artifacts/data_ingestion]
[2025-03-10 02:29:39,187: INFO: data_ingestion: File already exists]
[2025-03-10 02:29:39,190: INFO: main: >>>>>> stage Data Ingestion stage completed <<<<<<

x============x]
[2025-03-10 02:29:39,190: INFO: main: >>>>>> stage Data Validation stage started <<<<<<]
[2025-03-10 02:29:39,193: INFO: common: yaml file: config\config.yaml loaded successfully]
[2025-03-10 02:29:39,194: INFO: common: yaml file: params.yaml loaded successfully]
[2025-03-10 02:29:39,196: INFO: common: yaml file: schema.yaml loaded successfully]
[2025-03-10 02:29:39,196: INFO: common: created directory at: artifacts]
[2025-03-10 02:29:39,198: INFO: common: created directory at: artifacts/data_validation]
[2025-03-10 02:29:39,204: INFO: main: >>>>>> stage Data Validation stage completed <<<<<<

x============x]
[2025-03-10 02:29:39,204: INFO: main: >>>>>> stage Data Transformation stage started <<<<<<]
[2025-03-10 02:29:39,209: INFO: common: yaml file: config\config.yaml loaded successfully]
[2025-03-10 02:29:39,210: INFO: common: yaml file: params.yaml loaded successfully]
[2025-03-10 02:29:39,212: INFO: common: yaml file: schema.yaml loaded successfully]
[2025-03-10 02:29:39,212: INFO: common: created directory at: artifacts]
[2025-03-10 02:29:39,213: INFO: common: created directory at: artifacts/data_transformation]
[2025-03-10 02:29:39,228: INFO: data_transformation: Splited data into training and test sets]
[2025-03-10 02:29:39,228: INFO: data_transformation: (1199, 12)]
[2025-03-10 02:29:39,229: INFO: data_transformation: (400, 12)]
[2025-03-10 02:29:39,229: INFO: main: >>>>>> stage Data Transformation stage completed <<<<<<

x============x]
[2025-03-10 02:29:39,229: INFO: main: >>>>>> stage Model Trainer stage started <<<<<<]
[2025-03-10 02:29:39,232: INFO: common: yaml file: config\config.yaml loaded successfully]
[2025-03-10 02:29:39,234: INFO: common: yaml file: params.yaml loaded successfully]
[2025-03-10 02:29:39,239: INFO: common: yaml file: schema.yaml loaded successfully]
[2025-03-10 02:29:39,240: INFO: common: created directory at: artifacts]
[2025-03-10 02:29:39,240: INFO: common: created directory at: artifacts/model_trainer]
[2025-03-10 02:29:39,268: INFO: main: >>>>>> stage Model Trainer stage completed <<<<<<

x============x]
[2025-03-10 02:29:39,269: INFO: main: >>>>>> stage Model Evaluation stage started <<<<<<]
[2025-03-10 02:29:39,272: INFO: common: yaml file: config\config.yaml loaded successfully]
[2025-03-10 02:29:39,274: INFO: common: yaml file: params.yaml loaded successfully]
[2025-03-10 02:29:39,276: INFO: common: yaml file: schema.yaml loaded successfully]
[2025-03-10 02:29:39,277: INFO: common: created directory at: artifacts]
[2025-03-10 02:29:39,277: INFO: common: created directory at: artifacts/model_evaluation]
[2025-03-10 02:29:40,587: INFO: common: json file saved at: artifacts\model_evaluation\metrics.json]
[2025-03-10 02:29:50,605: INFO: main: >>>>>> stage Model Evaluation stage completed <<<<<<

x============x]
[2025-03-10 03:14:44,747: INFO: _internal: [31m[1mWARNING: This is a development server. Do not use it in a production deployment. Use a production WSGI server instead.[0m
 * Running on all addresses (0.0.0.0)
 * Running on http://127.0.0.1:8080
 * Running on http://192.168.8.182:8080]
[2025-03-10 03:14:44,748: INFO: _internal: [33mPress CTRL+C to quit[0m]
[2025-03-10 03:15:25,489: INFO: _internal: 127.0.0.1 - - [10/Mar/2025 03:15:25] "GET / HTTP/1.1" 200 -]
[2025-03-10 03:15:25,508: INFO: _internal: 127.0.0.1 - - [10/Mar/2025 03:15:25] "[33mGET /static/assets/img/form-v9.jpg HTTP/1.1[0m" 404 -]
[2025-03-10 03:15:25,573: INFO: _internal: 127.0.0.1 - - [10/Mar/2025 03:15:25] "[33mGET /favicon.ico HTTP/1.1[0m" 404 -]
[2025-03-10 03:15:59,860: INFO: main: Welcome to our custom logging data science]
[2025-03-10 03:15:59,860: INFO: main: >>>>>> stage Data Ingestion stage started <<<<<<]
[2025-03-10 03:15:59,874: INFO: common: yaml file: config\config.yaml loaded successfully]
[2025-03-10 03:15:59,881: INFO: common: yaml file: params.yaml loaded successfully]
[2025-03-10 03:15:59,889: INFO: common: yaml file: schema.yaml loaded successfully]
[2025-03-10 03:15:59,890: INFO: common: created directory at: artifacts]
[2025-03-10 03:15:59,890: INFO: common: created directory at: artifacts/data_ingestion]
[2025-03-10 03:15:59,891: INFO: data_ingestion: File already exists]
[2025-03-10 03:15:59,906: INFO: main: >>>>>> stage Data Ingestion stage completed <<<<<<

x============x]
[2025-03-10 03:15:59,906: INFO: main: >>>>>> stage Data Validation stage started <<<<<<]
[2025-03-10 03:15:59,909: INFO: common: yaml file: config\config.yaml loaded successfully]
[2025-03-10 03:15:59,910: INFO: common: yaml file: params.yaml loaded successfully]
[2025-03-10 03:15:59,912: INFO: common: yaml file: schema.yaml loaded successfully]
[2025-03-10 03:15:59,912: INFO: common: created directory at: artifacts]
[2025-03-10 03:15:59,912: INFO: common: created directory at: artifacts/data_validation]
[2025-03-10 03:15:59,930: INFO: main: >>>>>> stage Data Validation stage completed <<<<<<

x============x]
[2025-03-10 03:15:59,930: INFO: main: >>>>>> stage Data Transformation stage started <<<<<<]
[2025-03-10 03:15:59,940: INFO: common: yaml file: config\config.yaml loaded successfully]
[2025-03-10 03:15:59,941: INFO: common: yaml file: params.yaml loaded successfully]
[2025-03-10 03:15:59,943: INFO: common: yaml file: schema.yaml loaded successfully]
[2025-03-10 03:15:59,944: INFO: common: created directory at: artifacts]
[2025-03-10 03:15:59,944: INFO: common: created directory at: artifacts/data_transformation]
[2025-03-10 03:15:59,963: INFO: data_transformation: Splited data into training and test sets]
[2025-03-10 03:15:59,964: INFO: data_transformation: (1199, 12)]
[2025-03-10 03:15:59,964: INFO: data_transformation: (400, 12)]
[2025-03-10 03:15:59,964: INFO: main: >>>>>> stage Data Transformation stage completed <<<<<<

x============x]
[2025-03-10 03:15:59,965: INFO: main: >>>>>> stage Model Trainer stage started <<<<<<]
[2025-03-10 03:15:59,967: INFO: common: yaml file: config\config.yaml loaded successfully]
[2025-03-10 03:15:59,968: INFO: common: yaml file: params.yaml loaded successfully]
[2025-03-10 03:15:59,971: INFO: common: yaml file: schema.yaml loaded successfully]
[2025-03-10 03:15:59,971: INFO: common: created directory at: artifacts]
[2025-03-10 03:15:59,972: INFO: common: created directory at: artifacts/model_trainer]
[2025-03-10 03:16:00,003: INFO: main: >>>>>> stage Model Trainer stage completed <<<<<<

x============x]
[2025-03-10 03:16:00,003: INFO: main: >>>>>> stage Model Evaluation stage started <<<<<<]
[2025-03-10 03:16:00,006: INFO: common: yaml file: config\config.yaml loaded successfully]
[2025-03-10 03:16:00,007: INFO: common: yaml file: params.yaml loaded successfully]
[2025-03-10 03:16:00,009: INFO: common: yaml file: schema.yaml loaded successfully]
[2025-03-10 03:16:00,009: INFO: common: created directory at: artifacts]
[2025-03-10 03:16:00,009: INFO: common: created directory at: artifacts/model_evaluation]
[2025-03-10 03:16:01,005: INFO: common: json file saved at: artifacts\model_evaluation\metrics.json]
[2025-03-10 03:16:09,401: INFO: main: >>>>>> stage Model Evaluation stage completed <<<<<<

x============x]
[2025-03-10 03:16:09,867: INFO: _internal: 127.0.0.1 - - [10/Mar/2025 03:16:09] "GET /train HTTP/1.1" 200 -]
[2025-03-10 03:16:34,012: INFO: _internal: 127.0.0.1 - - [10/Mar/2025 03:16:34] "GET / HTTP/1.1" 200 -]
[2025-03-10 03:16:34,039: INFO: _internal: 127.0.0.1 - - [10/Mar/2025 03:16:34] "[33mGET /static/assets/img/form-v9.jpg HTTP/1.1[0m" 404 -]
[2025-03-10 03:17:03,575: INFO: _internal: 127.0.0.1 - - [10/Mar/2025 03:17:03] "POST /predict HTTP/1.1" 200 -]
[2025-03-11 03:22:39,851: INFO: common: yaml file: config\config.yaml loaded successfully]
[2025-03-11 03:22:39,860: INFO: common: yaml file: params.yaml loaded successfully]
[2025-03-11 03:22:39,870: INFO: common: yaml file: schema.yaml loaded successfully]
[2025-03-11 03:22:39,872: INFO: common: created directory at: artifacts]
[2025-03-11 03:22:39,872: INFO: common: created directory at: artifacts/data_ingestion]
[2025-03-11 03:22:57,539: INFO: common: yaml file: config\config.yaml loaded successfully]
[2025-03-11 03:22:57,540: INFO: common: yaml file: params.yaml loaded successfully]
[2025-03-11 03:22:57,542: INFO: common: yaml file: schema.yaml loaded successfully]
[2025-03-11 03:22:57,543: INFO: common: created directory at: artifacts]
[2025-03-11 03:22:57,544: INFO: common: created directory at: artifacts/data_ingestion]
[2025-03-11 03:23:55,138: INFO: common: yaml file: config\config.yaml loaded successfully]
[2025-03-11 03:23:55,140: INFO: common: yaml file: params.yaml loaded successfully]
[2025-03-11 03:23:55,142: INFO: common: yaml file: schema.yaml loaded successfully]
[2025-03-11 03:23:55,143: INFO: common: created directory at: artifacts]
[2025-03-11 03:23:55,144: INFO: common: created directory at: artifacts/data_ingestion]
[2025-03-11 03:23:59,850: INFO: common: yaml file: config\config.yaml loaded successfully]
[2025-03-11 03:23:59,851: INFO: common: yaml file: params.yaml loaded successfully]
[2025-03-11 03:23:59,853: INFO: common: yaml file: schema.yaml loaded successfully]
[2025-03-11 03:23:59,854: INFO: common: created directory at: artifacts]
[2025-03-11 03:23:59,855: INFO: common: created directory at: artifacts/data_ingestion]
[2025-03-11 03:23:59,858: INFO: 2943792858: File copied from F:\zizo\MLOPS\datascienceproject\data\Temp_dataset.csv to artifacts/data_ingestion/Temp_dataset.csv]
[2025-03-11 03:32:41,435: INFO: main: Welcome to our custom logging data science]
[2025-03-11 03:32:41,436: INFO: main: >>>>>> stage Data Ingestion stage started <<<<<<]
[2025-03-11 03:32:41,439: INFO: common: yaml file: config\config.yaml loaded successfully]
[2025-03-11 03:32:41,440: INFO: common: yaml file: params.yaml loaded successfully]
[2025-03-11 03:32:41,441: INFO: common: yaml file: schema.yaml loaded successfully]
[2025-03-11 03:32:41,442: INFO: common: created directory at: artifacts]
[2025-03-11 03:32:41,442: INFO: common: created directory at: artifacts/data_ingestion]
[2025-03-11 03:32:41,444: INFO: data_ingestion: File copied from F:\zizo\MLOPS\datascienceproject\data\Temp_dataset.csv to artifacts/data_ingestion/Temp_dataset.csv]
[2025-03-11 03:32:41,444: INFO: main: >>>>>> stage Data Ingestion stage completed <<<<<<

x============x]
[2025-03-11 03:58:15,990: INFO: common: yaml file: config\config.yaml loaded successfully]
[2025-03-11 03:58:15,993: INFO: common: yaml file: params.yaml loaded successfully]
[2025-03-11 03:58:15,996: INFO: common: yaml file: schema.yaml loaded successfully]
[2025-03-11 03:58:15,998: INFO: common: created directory at: artifacts]
[2025-03-11 03:58:15,999: INFO: common: created directory at: artifacts/data_validation]
[2025-03-11 03:58:36,761: INFO: common: yaml file: config\config.yaml loaded successfully]
[2025-03-11 03:58:36,764: INFO: common: yaml file: params.yaml loaded successfully]
[2025-03-11 03:58:36,768: INFO: common: yaml file: schema.yaml loaded successfully]
[2025-03-11 03:58:36,770: INFO: common: created directory at: artifacts]
[2025-03-11 03:58:36,771: INFO: common: created directory at: artifacts/data_validation]
[2025-03-11 04:02:03,769: INFO: main: Welcome to our custom logging data science]
[2025-03-11 04:02:03,769: INFO: main: >>>>>> stage Data Ingestion stage started <<<<<<]
[2025-03-11 04:02:03,772: INFO: common: yaml file: config\config.yaml loaded successfully]
[2025-03-11 04:02:03,773: INFO: common: yaml file: params.yaml loaded successfully]
[2025-03-11 04:02:03,774: INFO: common: yaml file: schema.yaml loaded successfully]
[2025-03-11 04:02:03,774: INFO: common: created directory at: artifacts]
[2025-03-11 04:02:03,775: INFO: common: created directory at: artifacts/data_ingestion]
[2025-03-11 04:02:03,785: INFO: data_ingestion: File copied from F:\zizo\MLOPS\datascienceproject\data\Temp_dataset.csv to artifacts/data_ingestion/Temp_dataset.csv]
[2025-03-11 04:02:03,785: INFO: main: >>>>>> stage Data Ingestion stage completed <<<<<<

x============x]
[2025-03-11 04:02:03,785: INFO: main: >>>>>> stage Data Validation stage started <<<<<<]
[2025-03-11 04:02:03,788: INFO: common: yaml file: config\config.yaml loaded successfully]
[2025-03-11 04:02:03,788: INFO: common: yaml file: params.yaml loaded successfully]
[2025-03-11 04:02:03,789: INFO: common: yaml file: schema.yaml loaded successfully]
[2025-03-11 04:02:03,789: INFO: common: created directory at: artifacts]
[2025-03-11 04:02:03,791: INFO: common: created directory at: artifacts/data_validation]
[2025-03-11 04:02:03,820: INFO: main: >>>>>> stage Data Validation stage completed <<<<<<

x============x]
[2025-03-11 23:11:45,973: INFO: common: yaml file: config\config.yaml loaded successfully]
[2025-03-11 23:11:45,982: INFO: common: yaml file: params.yaml loaded successfully]
[2025-03-11 23:11:45,990: INFO: common: yaml file: schema.yaml loaded successfully]
[2025-03-11 23:11:45,991: INFO: common: created directory at: artifacts]
[2025-03-11 23:11:57,216: INFO: common: yaml file: config\config.yaml loaded successfully]
[2025-03-11 23:11:57,218: INFO: common: yaml file: params.yaml loaded successfully]
[2025-03-11 23:11:57,219: INFO: common: yaml file: schema.yaml loaded successfully]
[2025-03-11 23:11:57,220: INFO: common: created directory at: artifacts]
[2025-03-11 23:43:49,839: INFO: common: yaml file: config\config.yaml loaded successfully]
[2025-03-11 23:43:49,840: INFO: common: yaml file: params.yaml loaded successfully]
[2025-03-11 23:43:49,842: INFO: common: yaml file: schema.yaml loaded successfully]
[2025-03-11 23:43:49,844: INFO: common: created directory at: artifacts]
[2025-03-11 23:43:49,845: INFO: common: created directory at: artifacts/data_transformation]
[2025-03-11 23:44:19,481: INFO: common: yaml file: config\config.yaml loaded successfully]
[2025-03-11 23:44:19,484: INFO: common: yaml file: params.yaml loaded successfully]
[2025-03-11 23:44:19,486: INFO: common: yaml file: schema.yaml loaded successfully]
[2025-03-11 23:44:19,487: INFO: common: created directory at: artifacts]
[2025-03-11 23:44:19,488: INFO: common: created directory at: artifacts/data_transformation]
[2025-03-11 23:44:19,644: INFO: 2762592020: Splited data into training and test sets]
[2025-03-11 23:44:19,644: INFO: 2762592020: (15898, 10)]
[2025-03-11 23:44:19,645: INFO: 2762592020: (5300, 10)]
[2025-03-11 23:45:23,303: INFO: common: yaml file: config\config.yaml loaded successfully]
[2025-03-11 23:45:23,305: INFO: common: yaml file: params.yaml loaded successfully]
[2025-03-11 23:45:23,308: INFO: common: yaml file: schema.yaml loaded successfully]
[2025-03-11 23:45:23,309: INFO: common: created directory at: artifacts]
[2025-03-11 23:45:23,310: INFO: common: created directory at: artifacts/data_transformation]
[2025-03-11 23:45:23,759: INFO: 2762592020: Splited data into training and test sets]
[2025-03-11 23:45:23,760: INFO: 2762592020: (73834, 10)]
[2025-03-11 23:45:23,760: INFO: 2762592020: (24612, 10)]
[2025-03-11 23:54:52,099: INFO: common: yaml file: config\config.yaml loaded successfully]
[2025-03-11 23:54:52,101: INFO: common: yaml file: params.yaml loaded successfully]
[2025-03-11 23:54:52,103: INFO: common: yaml file: schema.yaml loaded successfully]
[2025-03-11 23:54:52,104: INFO: common: created directory at: artifacts]
[2025-03-11 23:54:52,105: INFO: common: created directory at: artifacts/data_transformation]
[2025-03-11 23:54:52,543: INFO: 4062491614: Splited data into training and test sets]
[2025-03-11 23:54:52,543: INFO: 4062491614: (73834, 10)]
[2025-03-11 23:54:52,544: INFO: 4062491614: (24612, 10)]
[2025-03-11 23:55:04,032: INFO: common: yaml file: config\config.yaml loaded successfully]
[2025-03-11 23:55:04,034: INFO: common: yaml file: params.yaml loaded successfully]
[2025-03-11 23:55:04,037: INFO: common: yaml file: schema.yaml loaded successfully]
[2025-03-11 23:55:04,038: INFO: common: created directory at: artifacts]
[2025-03-11 23:55:04,039: INFO: common: created directory at: artifacts/data_transformation]
[2025-03-11 23:55:04,470: INFO: 4062491614: Splited data into training and test sets]
[2025-03-11 23:55:04,471: INFO: 4062491614: (73834, 10)]
[2025-03-11 23:55:04,472: INFO: 4062491614: (24612, 10)]
[2025-03-12 00:00:06,452: INFO: main: Welcome to our custom logging data science]
[2025-03-12 00:00:06,453: INFO: main: >>>>>> stage Data Ingestion stage started <<<<<<]
[2025-03-12 00:00:06,455: INFO: common: yaml file: config\config.yaml loaded successfully]
[2025-03-12 00:00:06,456: INFO: common: yaml file: params.yaml loaded successfully]
[2025-03-12 00:00:06,457: INFO: common: yaml file: schema.yaml loaded successfully]
[2025-03-12 00:00:06,458: INFO: common: created directory at: artifacts]
[2025-03-12 00:00:06,458: INFO: common: created directory at: artifacts/data_ingestion]
[2025-03-12 00:00:06,463: INFO: data_ingestion: File copied from F:\zizo\MLOPS\datascienceproject\data\Temp_dataset.csv to artifacts/data_ingestion/Temp_dataset.csv]
[2025-03-12 00:00:06,463: INFO: main: >>>>>> stage Data Ingestion stage completed <<<<<<

x============x]
[2025-03-12 00:00:06,463: INFO: main: >>>>>> stage Data Validation stage started <<<<<<]
[2025-03-12 00:00:06,467: INFO: common: yaml file: config\config.yaml loaded successfully]
[2025-03-12 00:00:06,468: INFO: common: yaml file: params.yaml loaded successfully]
[2025-03-12 00:00:06,469: INFO: common: yaml file: schema.yaml loaded successfully]
[2025-03-12 00:00:06,469: INFO: common: created directory at: artifacts]
[2025-03-12 00:00:06,471: INFO: common: created directory at: artifacts/data_validation]
[2025-03-12 00:00:06,549: INFO: main: >>>>>> stage Data Validation stage completed <<<<<<

x============x]
[2025-03-12 00:00:06,550: INFO: main: >>>>>> stage Data Transformation stage started <<<<<<]
[2025-03-12 00:00:06,558: INFO: common: yaml file: config\config.yaml loaded successfully]
[2025-03-12 00:00:06,559: INFO: common: yaml file: params.yaml loaded successfully]
[2025-03-12 00:00:06,562: INFO: common: yaml file: schema.yaml loaded successfully]
[2025-03-12 00:00:06,562: INFO: common: created directory at: artifacts]
[2025-03-12 00:00:06,562: INFO: common: created directory at: artifacts/data_transformation]
[2025-03-12 00:00:07,010: INFO: data_transformation: Splited data into training and test sets]
[2025-03-12 00:00:07,010: INFO: data_transformation: (73834, 10)]
[2025-03-12 00:00:07,011: INFO: data_transformation: (24612, 10)]
[2025-03-12 00:00:07,012: INFO: main: >>>>>> stage Data Transformation stage completed <<<<<<

x============x]
[2025-03-18 02:25:56,518: INFO: main: Welcome to our custom logging data science]
[2025-03-18 02:25:56,519: INFO: main: >>>>>> stage Data Ingestion stage started <<<<<<]
[2025-03-18 02:25:56,522: INFO: common: yaml file: config\config.yaml loaded successfully]
[2025-03-18 02:25:56,523: INFO: common: yaml file: params.yaml loaded successfully]
[2025-03-18 02:25:56,531: INFO: common: yaml file: schema.yaml loaded successfully]
[2025-03-18 02:25:56,532: INFO: common: created directory at: artifacts]
[2025-03-18 02:25:56,532: INFO: common: created directory at: artifacts/data_ingestion]
[2025-03-18 02:25:56,553: INFO: data_ingestion: File copied from F:\zizo\MLOPS\datascienceproject\data\Temp_dataset.csv to artifacts/data_ingestion/Temp_dataset.csv]
[2025-03-18 02:25:56,554: INFO: main: >>>>>> stage Data Ingestion stage completed <<<<<<

x============x]
[2025-03-18 02:25:56,554: INFO: main: >>>>>> stage Data Validation stage started <<<<<<]
[2025-03-18 02:25:56,557: INFO: common: yaml file: config\config.yaml loaded successfully]
[2025-03-18 02:25:56,557: INFO: common: yaml file: params.yaml loaded successfully]
[2025-03-18 02:25:56,560: INFO: common: yaml file: schema.yaml loaded successfully]
[2025-03-18 02:25:56,560: INFO: common: created directory at: artifacts]
[2025-03-18 02:25:56,560: INFO: common: created directory at: artifacts/data_validation]
[2025-03-18 02:25:56,632: INFO: main: >>>>>> stage Data Validation stage completed <<<<<<

x============x]
[2025-03-18 02:25:56,633: INFO: main: >>>>>> stage Data Transformation stage started <<<<<<]
[2025-03-18 02:25:56,641: INFO: common: yaml file: config\config.yaml loaded successfully]
[2025-03-18 02:25:56,642: INFO: common: yaml file: params.yaml loaded successfully]
[2025-03-18 02:25:56,645: INFO: common: yaml file: schema.yaml loaded successfully]
[2025-03-18 02:25:56,645: INFO: common: created directory at: artifacts]
[2025-03-18 02:25:56,645: INFO: common: created directory at: artifacts/data_transformation]
[2025-03-18 02:25:57,089: INFO: data_transformation: Splited data into training and test sets]
[2025-03-18 02:25:57,089: INFO: data_transformation: (73834, 10)]
[2025-03-18 02:25:57,089: INFO: data_transformation: (24612, 10)]
[2025-03-18 02:25:57,090: INFO: main: >>>>>> stage Data Transformation stage completed <<<<<<

x============x]
[2025-03-30 03:47:25,395: INFO: common: yaml file: config\config.yaml loaded successfully]
[2025-03-30 03:47:25,412: INFO: common: yaml file: params.yaml loaded successfully]
[2025-03-30 03:47:25,429: INFO: common: yaml file: schema.yaml loaded successfully]
[2025-03-30 03:47:25,429: INFO: common: created directory at: artifacts]
[2025-03-30 03:47:25,436: INFO: common: created directory at: artifacts/data_transformation]
[2025-04-15 13:09:14,665: INFO: common: yaml file: config\config.yaml loaded successfully]
[2025-04-15 13:09:14,674: INFO: common: yaml file: params.yaml loaded successfully]
[2025-04-15 13:09:14,684: INFO: common: yaml file: schema.yaml loaded successfully]
[2025-04-15 13:09:14,685: INFO: common: created directory at: artifacts]
[2025-04-15 13:09:14,686: INFO: common: created directory at: artifacts/data_transformation]
[2025-04-15 13:09:26,605: INFO: common: yaml file: config\config.yaml loaded successfully]
[2025-04-15 13:09:26,607: INFO: common: yaml file: params.yaml loaded successfully]
[2025-04-15 13:09:26,609: INFO: common: yaml file: schema.yaml loaded successfully]
[2025-04-15 13:09:26,610: INFO: common: created directory at: artifacts]
[2025-04-15 13:09:26,610: INFO: common: created directory at: artifacts/data_transformation]
[2025-04-15 13:09:26,986: INFO: 3618622370: Splited data into training and test sets]
[2025-04-15 13:09:26,986: INFO: 3618622370: (73834, 9)]
[2025-04-15 13:09:26,987: INFO: 3618622370: (24612, 9)]
[2025-04-15 13:24:16,065: INFO: main: Welcome to our custom logging data science]
[2025-04-15 13:24:16,065: INFO: main: >>>>>> stage Data Ingestion stage started <<<<<<]
[2025-04-15 13:24:16,067: INFO: common: yaml file: config\config.yaml loaded successfully]
[2025-04-15 13:24:16,068: INFO: common: yaml file: params.yaml loaded successfully]
[2025-04-15 13:24:16,069: INFO: common: yaml file: schema.yaml loaded successfully]
[2025-04-15 13:24:16,069: INFO: common: created directory at: artifacts]
[2025-04-15 13:24:16,069: INFO: common: created directory at: artifacts/data_ingestion]
[2025-04-15 13:24:16,097: INFO: data_ingestion: File copied from F:\zizo\MLOPS\datascienceproject\data\Temp_dataset.csv to artifacts/data_ingestion/Temp_dataset.csv]
[2025-04-15 13:24:16,097: INFO: main: >>>>>> stage Data Ingestion stage completed <<<<<<

x============x]
[2025-04-15 13:24:16,098: INFO: main: >>>>>> stage Data Validation stage started <<<<<<]
[2025-04-15 13:24:16,099: INFO: common: yaml file: config\config.yaml loaded successfully]
[2025-04-15 13:24:16,100: INFO: common: yaml file: params.yaml loaded successfully]
[2025-04-15 13:24:16,101: INFO: common: yaml file: schema.yaml loaded successfully]
[2025-04-15 13:24:16,101: INFO: common: created directory at: artifacts]
[2025-04-15 13:24:16,101: INFO: common: created directory at: artifacts/data_validation]
[2025-04-15 13:24:16,174: INFO: main: >>>>>> stage Data Validation stage completed <<<<<<

x============x]
[2025-04-15 13:24:16,174: INFO: main: >>>>>> stage Data Transformation stage started <<<<<<]
[2025-04-15 13:24:16,178: INFO: common: yaml file: config\config.yaml loaded successfully]
[2025-04-15 13:24:16,179: INFO: common: yaml file: params.yaml loaded successfully]
[2025-04-15 13:24:16,180: INFO: common: yaml file: schema.yaml loaded successfully]
[2025-04-15 13:24:16,180: INFO: common: created directory at: artifacts]
[2025-04-15 13:24:16,180: INFO: common: created directory at: artifacts/data_transformation]
[2025-04-15 13:24:16,652: INFO: data_transformation: Splited data into training and test sets]
[2025-04-15 13:24:16,653: INFO: data_transformation: (73834, 10)]
[2025-04-15 13:24:16,653: INFO: data_transformation: (24612, 10)]
[2025-04-15 13:24:16,653: INFO: main: >>>>>> stage Data Transformation stage completed <<<<<<

x============x]
[2025-04-15 14:31:32,964: INFO: common: yaml file: config\config.yaml loaded successfully]
[2025-04-15 14:31:32,972: INFO: common: yaml file: params.yaml loaded successfully]
[2025-04-15 14:31:32,975: INFO: common: yaml file: schema.yaml loaded successfully]
[2025-04-15 14:31:32,976: INFO: common: created directory at: artifacts]
[2025-04-15 14:31:32,977: INFO: common: created directory at: artifacts/model_trainer]
[2025-04-15 14:32:19,380: INFO: common: yaml file: config\config.yaml loaded successfully]
[2025-04-15 14:32:19,383: INFO: common: yaml file: params.yaml loaded successfully]
[2025-04-15 14:32:19,384: INFO: common: yaml file: schema.yaml loaded successfully]
[2025-04-15 14:32:19,385: INFO: common: created directory at: artifacts]
[2025-04-15 14:32:19,386: INFO: common: created directory at: artifacts/model_trainer]
[2025-04-15 14:36:17,332: INFO: common: yaml file: config\config.yaml loaded successfully]
[2025-04-15 14:36:17,334: INFO: common: yaml file: params.yaml loaded successfully]
[2025-04-15 14:36:17,335: INFO: common: yaml file: schema.yaml loaded successfully]
[2025-04-15 14:36:17,336: INFO: common: created directory at: artifacts]
[2025-04-15 14:36:17,337: INFO: common: created directory at: artifacts/model_trainer]
[2025-04-15 14:41:39,496: INFO: common: yaml file: config\config.yaml loaded successfully]
[2025-04-15 14:41:39,498: INFO: common: yaml file: params.yaml loaded successfully]
[2025-04-15 14:41:39,501: INFO: common: yaml file: schema.yaml loaded successfully]
[2025-04-15 14:41:39,501: INFO: common: created directory at: artifacts]
[2025-04-15 14:41:39,502: INFO: common: created directory at: artifacts/model_trainer]
[2025-04-15 14:46:06,435: INFO: common: yaml file: config\config.yaml loaded successfully]
[2025-04-15 14:46:06,436: INFO: common: yaml file: params.yaml loaded successfully]
[2025-04-15 14:46:06,439: INFO: common: yaml file: schema.yaml loaded successfully]
[2025-04-15 14:46:06,440: INFO: common: created directory at: artifacts]
[2025-04-15 14:46:06,441: INFO: common: created directory at: artifacts/data_transformation]
[2025-04-15 14:46:06,811: INFO: 1037991296: Splited data into training and test sets]
[2025-04-15 14:46:06,812: INFO: 1037991296: (98446, 9)]
[2025-04-15 14:49:33,723: INFO: main: Welcome to our custom logging data science]
[2025-04-15 14:49:33,723: INFO: main: >>>>>> stage Data Ingestion stage started <<<<<<]
[2025-04-15 14:49:33,725: INFO: common: yaml file: config\config.yaml loaded successfully]
[2025-04-15 14:49:33,725: INFO: common: yaml file: params.yaml loaded successfully]
[2025-04-15 14:49:33,728: INFO: common: yaml file: schema.yaml loaded successfully]
[2025-04-15 14:49:33,728: INFO: common: created directory at: artifacts]
[2025-04-15 14:49:33,728: INFO: common: created directory at: artifacts/data_ingestion]
[2025-04-15 14:49:33,733: INFO: data_ingestion: File copied from F:\zizo\MLOPS\datascienceproject\data\Temp_dataset.csv to artifacts/data_ingestion/Temp_dataset.csv]
[2025-04-15 14:49:33,733: INFO: main: >>>>>> stage Data Ingestion stage completed <<<<<<

x============x]
[2025-04-15 14:49:33,733: INFO: main: >>>>>> stage Data Validation stage started <<<<<<]
[2025-04-15 14:49:33,735: INFO: common: yaml file: config\config.yaml loaded successfully]
[2025-04-15 14:49:33,735: INFO: common: yaml file: params.yaml loaded successfully]
[2025-04-15 14:49:33,736: INFO: common: yaml file: schema.yaml loaded successfully]
[2025-04-15 14:49:33,737: INFO: common: created directory at: artifacts]
[2025-04-15 14:49:33,737: INFO: common: created directory at: artifacts/data_validation]
[2025-04-15 14:49:33,810: INFO: main: >>>>>> stage Data Validation stage completed <<<<<<

x============x]
[2025-04-15 14:49:33,810: INFO: main: >>>>>> stage Data Transformation stage started <<<<<<]
[2025-04-15 14:49:33,813: INFO: common: yaml file: config\config.yaml loaded successfully]
[2025-04-15 14:49:33,814: INFO: common: yaml file: params.yaml loaded successfully]
[2025-04-15 14:49:33,816: INFO: common: yaml file: schema.yaml loaded successfully]
[2025-04-15 14:49:33,816: INFO: common: created directory at: artifacts]
[2025-04-15 14:49:33,816: INFO: common: created directory at: artifacts/data_transformation]
[2025-04-15 14:49:34,187: INFO: data_transformation: Splited data into training and test sets]
[2025-04-15 14:49:34,187: INFO: data_transformation: (98446, 9)]
[2025-04-15 14:49:34,188: INFO: main: >>>>>> stage Data Transformation stage completed <<<<<<

x============x]
[2025-04-15 14:52:07,093: INFO: common: yaml file: config\config.yaml loaded successfully]
[2025-04-15 14:52:07,094: INFO: common: yaml file: params.yaml loaded successfully]
[2025-04-15 14:52:07,096: INFO: common: yaml file: schema.yaml loaded successfully]
[2025-04-15 14:52:07,097: INFO: common: created directory at: artifacts]
[2025-04-15 14:52:07,098: INFO: common: created directory at: artifacts/model_trainer]
[2025-04-15 14:52:23,477: WARNING: saving_api: You are saving your model as an HDF5 file via `model.save()` or `keras.saving.save_model(model)`. This file format is considered legacy. We recommend using instead the native Keras format, e.g. `model.save('my_model.keras')` or `keras.saving.save_model(model, 'my_model.keras')`. ]
[2025-04-15 14:52:35,897: WARNING: saving_api: You are saving your model as an HDF5 file via `model.save()` or `keras.saving.save_model(model)`. This file format is considered legacy. We recommend using instead the native Keras format, e.g. `model.save('my_model.keras')` or `keras.saving.save_model(model, 'my_model.keras')`. ]
[2025-04-15 14:52:48,454: WARNING: saving_api: You are saving your model as an HDF5 file via `model.save()` or `keras.saving.save_model(model)`. This file format is considered legacy. We recommend using instead the native Keras format, e.g. `model.save('my_model.keras')` or `keras.saving.save_model(model, 'my_model.keras')`. ]
[2025-04-15 14:53:01,003: WARNING: saving_api: You are saving your model as an HDF5 file via `model.save()` or `keras.saving.save_model(model)`. This file format is considered legacy. We recommend using instead the native Keras format, e.g. `model.save('my_model.keras')` or `keras.saving.save_model(model, 'my_model.keras')`. ]
[2025-04-15 14:53:13,693: WARNING: saving_api: You are saving your model as an HDF5 file via `model.save()` or `keras.saving.save_model(model)`. This file format is considered legacy. We recommend using instead the native Keras format, e.g. `model.save('my_model.keras')` or `keras.saving.save_model(model, 'my_model.keras')`. ]
[2025-04-15 14:53:38,817: WARNING: saving_api: You are saving your model as an HDF5 file via `model.save()` or `keras.saving.save_model(model)`. This file format is considered legacy. We recommend using instead the native Keras format, e.g. `model.save('my_model.keras')` or `keras.saving.save_model(model, 'my_model.keras')`. ]
[2025-04-15 14:56:28,950: INFO: common: yaml file: config\config.yaml loaded successfully]
[2025-04-15 14:56:28,952: INFO: common: yaml file: params.yaml loaded successfully]
[2025-04-15 14:56:28,954: INFO: common: yaml file: schema.yaml loaded successfully]
[2025-04-15 14:56:28,955: INFO: common: created directory at: artifacts]
[2025-04-15 14:56:28,956: INFO: common: created directory at: artifacts/model_trainer]
[2025-04-15 14:57:48,878: INFO: common: yaml file: config\config.yaml loaded successfully]
[2025-04-15 14:57:48,881: INFO: common: yaml file: params.yaml loaded successfully]
[2025-04-15 14:57:48,883: INFO: common: yaml file: schema.yaml loaded successfully]
[2025-04-15 14:57:48,884: INFO: common: created directory at: artifacts]
[2025-04-15 14:57:48,885: INFO: common: created directory at: artifacts/model_trainer]
[2025-04-15 15:04:18,945: INFO: common: yaml file: config\config.yaml loaded successfully]
[2025-04-15 15:04:18,946: INFO: common: yaml file: params.yaml loaded successfully]
[2025-04-15 15:04:18,949: INFO: common: yaml file: schema.yaml loaded successfully]
[2025-04-15 15:04:18,949: INFO: common: created directory at: artifacts]
[2025-04-15 15:04:18,950: INFO: common: created directory at: artifacts/model_trainer]
[2025-04-15 15:10:28,827: INFO: main: Welcome to our custom logging data science]
[2025-04-15 15:10:28,827: INFO: main: >>>>>> stage Data Ingestion stage started <<<<<<]
[2025-04-15 15:10:28,838: INFO: common: yaml file: config\config.yaml loaded successfully]
[2025-04-15 15:10:28,839: INFO: common: yaml file: params.yaml loaded successfully]
[2025-04-15 15:10:28,840: INFO: common: yaml file: schema.yaml loaded successfully]
[2025-04-15 15:10:28,840: INFO: common: created directory at: artifacts]
[2025-04-15 15:10:28,841: INFO: common: created directory at: artifacts/data_ingestion]
[2025-04-15 15:10:28,845: INFO: data_ingestion: File copied from F:\zizo\MLOPS\datascienceproject\data\Temp_dataset.csv to artifacts/data_ingestion/Temp_dataset.csv]
[2025-04-15 15:10:28,845: INFO: main: >>>>>> stage Data Ingestion stage completed <<<<<<

x============x]
[2025-04-15 15:10:28,846: INFO: main: >>>>>> stage Data Validation stage started <<<<<<]
[2025-04-15 15:10:28,847: INFO: common: yaml file: config\config.yaml loaded successfully]
[2025-04-15 15:10:28,848: INFO: common: yaml file: params.yaml loaded successfully]
[2025-04-15 15:10:28,849: INFO: common: yaml file: schema.yaml loaded successfully]
[2025-04-15 15:10:28,850: INFO: common: created directory at: artifacts]
[2025-04-15 15:10:28,850: INFO: common: created directory at: artifacts/data_validation]
[2025-04-15 15:10:28,926: INFO: main: >>>>>> stage Data Validation stage completed <<<<<<

x============x]
[2025-04-15 15:10:28,927: INFO: main: >>>>>> stage Data Transformation stage started <<<<<<]
[2025-04-15 15:10:28,929: INFO: common: yaml file: config\config.yaml loaded successfully]
[2025-04-15 15:10:28,930: INFO: common: yaml file: params.yaml loaded successfully]
[2025-04-15 15:10:28,931: INFO: common: yaml file: schema.yaml loaded successfully]
[2025-04-15 15:10:28,931: INFO: common: created directory at: artifacts]
[2025-04-15 15:10:28,932: INFO: common: created directory at: artifacts/data_transformation]
[2025-04-15 15:10:29,269: INFO: data_transformation: Preprocessing the data]
[2025-04-15 15:10:29,269: INFO: data_transformation: (98446, 9)]
[2025-04-15 15:10:29,270: INFO: main: >>>>>> stage Data Transformation stage completed <<<<<<

x============x]
[2025-04-15 15:10:29,270: INFO: main: >>>>>> stage Model Trainer stage started <<<<<<]
[2025-04-15 15:10:29,272: INFO: common: yaml file: config\config.yaml loaded successfully]
[2025-04-15 15:10:29,273: INFO: common: yaml file: params.yaml loaded successfully]
[2025-04-15 15:10:29,274: INFO: common: yaml file: schema.yaml loaded successfully]
[2025-04-15 15:10:29,275: INFO: common: created directory at: artifacts]
[2025-04-15 15:10:29,275: INFO: common: created directory at: artifacts/model_trainer]
[2025-04-15 15:12:53,049: INFO: main: >>>>>> stage Model Trainer stage completed <<<<<<

x============x]
[2025-04-15 15:36:08,376: INFO: common: yaml file: config\config.yaml loaded successfully]
[2025-04-15 15:36:08,378: INFO: common: yaml file: params.yaml loaded successfully]
[2025-04-15 15:36:08,379: INFO: common: yaml file: schema.yaml loaded successfully]
[2025-04-15 15:36:08,380: INFO: common: created directory at: artifacts]
[2025-04-15 15:36:08,382: INFO: common: created directory at: artifacts/model_trainer]
[2025-04-15 19:47:57,413: INFO: common: yaml file: config\config.yaml loaded successfully]
[2025-04-15 19:47:57,416: INFO: common: yaml file: params.yaml loaded successfully]
[2025-04-15 19:47:57,418: INFO: common: yaml file: schema.yaml loaded successfully]
[2025-04-15 19:47:57,419: INFO: common: created directory at: artifacts]
[2025-04-15 19:47:57,420: INFO: common: created directory at: artifacts/model_trainer]
[2025-04-15 19:48:46,968: INFO: common: yaml file: config\config.yaml loaded successfully]
[2025-04-15 19:48:46,971: INFO: common: yaml file: params.yaml loaded successfully]
[2025-04-15 19:48:46,973: INFO: common: yaml file: schema.yaml loaded successfully]
[2025-04-15 19:48:46,974: INFO: common: created directory at: artifacts]
[2025-04-15 19:48:46,975: INFO: common: created directory at: artifacts/model_trainer]
[2025-04-15 19:58:56,690: INFO: common: yaml file: config\config.yaml loaded successfully]
[2025-04-15 19:58:56,693: INFO: common: yaml file: params.yaml loaded successfully]
[2025-04-15 19:58:56,695: INFO: common: yaml file: schema.yaml loaded successfully]
[2025-04-15 19:58:56,696: INFO: common: created directory at: artifacts]
[2025-04-15 19:58:56,697: INFO: common: created directory at: artifacts/model_evaluation]
[2025-04-15 19:59:01,261: INFO: common: json file saved at: artifacts\model_evaluation\metrics.json]
[2025-04-15 20:03:00,110: INFO: common: yaml file: config\config.yaml loaded successfully]
[2025-04-15 20:03:00,111: INFO: common: yaml file: params.yaml loaded successfully]
[2025-04-15 20:03:00,113: INFO: common: yaml file: schema.yaml loaded successfully]
[2025-04-15 20:03:00,114: INFO: common: created directory at: artifacts]
[2025-04-15 20:03:00,115: INFO: common: created directory at: artifacts/model_evaluation]
[2025-04-15 20:03:03,443: INFO: common: json file saved at: artifacts\model_evaluation\metrics.json]
[2025-04-15 20:05:47,733: INFO: common: yaml file: config\config.yaml loaded successfully]
[2025-04-15 20:05:47,735: INFO: common: yaml file: params.yaml loaded successfully]
[2025-04-15 20:05:47,736: INFO: common: yaml file: schema.yaml loaded successfully]
[2025-04-15 20:05:47,737: INFO: common: created directory at: artifacts]
[2025-04-15 20:05:47,738: INFO: common: created directory at: artifacts/model_evaluation]
[2025-04-15 20:05:51,653: INFO: common: json file saved at: artifacts\model_evaluation\metrics.json]
[2025-04-15 20:07:57,997: INFO: common: yaml file: config\config.yaml loaded successfully]
[2025-04-15 20:07:57,999: INFO: common: yaml file: params.yaml loaded successfully]
[2025-04-15 20:07:58,001: INFO: common: yaml file: schema.yaml loaded successfully]
[2025-04-15 20:07:58,002: INFO: common: created directory at: artifacts]
[2025-04-15 20:07:58,003: INFO: common: created directory at: artifacts/model_evaluation]
[2025-04-15 20:08:01,716: INFO: common: json file saved at: artifacts\model_evaluation\metrics.json]
[2025-04-15 20:11:02,345: INFO: common: yaml file: config\config.yaml loaded successfully]
[2025-04-15 20:11:02,347: INFO: common: yaml file: params.yaml loaded successfully]
[2025-04-15 20:11:02,349: INFO: common: yaml file: schema.yaml loaded successfully]
[2025-04-15 20:11:02,350: INFO: common: created directory at: artifacts]
[2025-04-15 20:11:02,351: INFO: common: created directory at: artifacts/model_evaluation]
[2025-04-15 20:11:05,575: INFO: common: json file saved at: artifacts\model_evaluation\metrics.json]
[2025-04-15 21:44:16,198: INFO: main: Welcome to our custom logging data science]
[2025-04-15 21:44:16,199: INFO: main: >>>>>> stage Data Ingestion stage started <<<<<<]
[2025-04-15 21:44:16,208: INFO: common: yaml file: config\config.yaml loaded successfully]
[2025-04-15 21:44:16,215: INFO: common: yaml file: params.yaml loaded successfully]
[2025-04-15 21:44:16,221: INFO: common: yaml file: schema.yaml loaded successfully]
[2025-04-15 21:44:16,223: INFO: common: created directory at: artifacts]
[2025-04-15 21:44:16,223: INFO: common: created directory at: artifacts/data_ingestion]
[2025-04-15 21:44:16,247: INFO: data_ingestion: File copied from F:\zizo\MLOPS\datascienceproject\data\Temp_dataset.csv to artifacts/data_ingestion/Temp_dataset.csv]
[2025-04-15 21:44:16,247: INFO: main: >>>>>> stage Data Ingestion stage completed <<<<<<

x============x]
[2025-04-15 21:44:16,247: INFO: main: >>>>>> stage Data Validation stage started <<<<<<]
[2025-04-15 21:44:16,251: INFO: common: yaml file: config\config.yaml loaded successfully]
[2025-04-15 21:44:16,252: INFO: common: yaml file: params.yaml loaded successfully]
[2025-04-15 21:44:16,253: INFO: common: yaml file: schema.yaml loaded successfully]
[2025-04-15 21:44:16,254: INFO: common: created directory at: artifacts]
[2025-04-15 21:44:16,254: INFO: common: created directory at: artifacts/data_validation]
[2025-04-15 21:44:16,337: INFO: main: >>>>>> stage Data Validation stage completed <<<<<<

x============x]
[2025-04-15 21:44:16,338: INFO: main: >>>>>> stage Data Transformation stage started <<<<<<]
[2025-04-15 21:44:16,345: INFO: common: yaml file: config\config.yaml loaded successfully]
[2025-04-15 21:44:16,347: INFO: common: yaml file: params.yaml loaded successfully]
[2025-04-15 21:44:16,348: INFO: common: yaml file: schema.yaml loaded successfully]
[2025-04-15 21:44:16,348: INFO: common: created directory at: artifacts]
[2025-04-15 21:44:16,349: INFO: common: created directory at: artifacts/data_transformation]
[2025-04-15 21:44:16,726: INFO: data_transformation: Preprocessing the data]
[2025-04-15 21:44:16,726: INFO: data_transformation: (98446, 9)]
[2025-04-15 21:44:16,727: INFO: main: >>>>>> stage Data Transformation stage completed <<<<<<

x============x]
[2025-04-15 21:44:16,727: INFO: main: >>>>>> stage Model Trainer & evaluating StageModel Trainer  stage started <<<<<<]
[2025-04-15 21:44:16,727: ERROR: main: 'ModelTrainingrainingPipeline' object has no attribute 'initiate_model_training']
Traceback (most recent call last):
  File "F:\zizo\MLOPS\datascienceproject\main.py", line 47, in <module>
    obj.initiate_model_training()
    ^^^^^^^^^^^^^^^^^^^^^^^^^^^
AttributeError: 'ModelTrainingrainingPipeline' object has no attribute 'initiate_model_training'
[2025-04-15 21:44:47,593: INFO: main: Welcome to our custom logging data science]
[2025-04-15 21:44:47,593: INFO: main: >>>>>> stage Data Ingestion stage started <<<<<<]
[2025-04-15 21:44:47,595: INFO: common: yaml file: config\config.yaml loaded successfully]
[2025-04-15 21:44:47,596: INFO: common: yaml file: params.yaml loaded successfully]
[2025-04-15 21:44:47,597: INFO: common: yaml file: schema.yaml loaded successfully]
[2025-04-15 21:44:47,597: INFO: common: created directory at: artifacts]
[2025-04-15 21:44:47,598: INFO: common: created directory at: artifacts/data_ingestion]
[2025-04-15 21:44:47,602: INFO: data_ingestion: File copied from F:\zizo\MLOPS\datascienceproject\data\Temp_dataset.csv to artifacts/data_ingestion/Temp_dataset.csv]
[2025-04-15 21:44:47,603: INFO: main: >>>>>> stage Data Ingestion stage completed <<<<<<

x============x]
[2025-04-15 21:44:47,603: INFO: main: >>>>>> stage Data Validation stage started <<<<<<]
[2025-04-15 21:44:47,605: INFO: common: yaml file: config\config.yaml loaded successfully]
[2025-04-15 21:44:47,606: INFO: common: yaml file: params.yaml loaded successfully]
[2025-04-15 21:44:47,607: INFO: common: yaml file: schema.yaml loaded successfully]
[2025-04-15 21:44:47,607: INFO: common: created directory at: artifacts]
[2025-04-15 21:44:47,607: INFO: common: created directory at: artifacts/data_validation]
[2025-04-15 21:44:47,686: INFO: main: >>>>>> stage Data Validation stage completed <<<<<<

x============x]
[2025-04-15 21:44:47,686: INFO: main: >>>>>> stage Data Transformation stage started <<<<<<]
[2025-04-15 21:44:47,689: INFO: common: yaml file: config\config.yaml loaded successfully]
[2025-04-15 21:44:47,690: INFO: common: yaml file: params.yaml loaded successfully]
[2025-04-15 21:44:47,691: INFO: common: yaml file: schema.yaml loaded successfully]
[2025-04-15 21:44:47,691: INFO: common: created directory at: artifacts]
[2025-04-15 21:44:47,692: INFO: common: created directory at: artifacts/data_transformation]
[2025-04-15 21:44:48,034: INFO: data_transformation: Preprocessing the data]
[2025-04-15 21:44:48,035: INFO: data_transformation: (98446, 9)]
[2025-04-15 21:44:48,035: INFO: main: >>>>>> stage Data Transformation stage completed <<<<<<

x============x]
[2025-04-15 21:44:48,036: INFO: main: >>>>>> stage Model Trainer & evaluating StageModel Trainer  stage started <<<<<<]
[2025-04-15 21:44:48,038: INFO: common: yaml file: config\config.yaml loaded successfully]
[2025-04-15 21:44:48,039: INFO: common: yaml file: params.yaml loaded successfully]
[2025-04-15 21:44:48,040: INFO: common: yaml file: schema.yaml loaded successfully]
[2025-04-15 21:44:48,040: INFO: common: created directory at: artifacts]
[2025-04-15 21:44:48,041: INFO: common: created directory at: artifacts/model_trainer]
[2025-04-15 21:47:57,056: ERROR: main: "'ConfigBox' object has no attribute 'elasticnet'"]
Traceback (most recent call last):
  File "box\\box.py", line 594, in box.box.Box.__getitem__
KeyError: 'ElasticNet'

The above exception was the direct cause of the following exception:

Traceback (most recent call last):
  File "box\\box.py", line 633, in box.box.Box.__getattr__
  File "box\\box.py", line 621, in box.box.Box.__getitem__
box.exceptions.BoxKeyError: "'ElasticNet'"

During handling of the above exception, another exception occurred:

Traceback (most recent call last):
  File "box\\box.py", line 635, in box.box.Box.__getattr__
AttributeError: 'ConfigBox' object has no attribute 'ElasticNet'

The above exception was the direct cause of the following exception:

Traceback (most recent call last):
  File "box\\config_box.py", line 29, in box.config_box.ConfigBox.__getattr__
  File "box\\box.py", line 649, in box.box.Box.__getattr__
box.exceptions.BoxKeyError: "'ConfigBox' object has no attribute 'ElasticNet'"

During handling of the above exception, another exception occurred:

Traceback (most recent call last):
  File "box\\box.py", line 594, in box.box.Box.__getitem__
KeyError: 'elasticnet'

The above exception was the direct cause of the following exception:

Traceback (most recent call last):
  File "box\\box.py", line 633, in box.box.Box.__getattr__
  File "box\\box.py", line 621, in box.box.Box.__getitem__
box.exceptions.BoxKeyError: "'elasticnet'"

During handling of the above exception, another exception occurred:

Traceback (most recent call last):
  File "box\\box.py", line 635, in box.box.Box.__getattr__
AttributeError: 'ConfigBox' object has no attribute 'elasticnet'

The above exception was the direct cause of the following exception:

Traceback (most recent call last):
  File "F:\zizo\MLOPS\datascienceproject\main.py", line 47, in <module>
    obj.initiate_model_training_and_evaluating()
  File "F:\zizo\MLOPS\datascienceproject\src\datascience\pipeline\model_trainer_pipeline_and_evaluation.py", line 19, in initiate_model_training_and_evaluating
    model_evaluation_config = config.get_model_evaluation_config()
                              ^^^^^^^^^^^^^^^^^^^^^^^^^^^^^^^^^^^^
  File "F:\zizo\MLOPS\datascienceproject\src\datascience\config\configuration.py", line 76, in get_model_evaluation_config
    params = self.params.ElasticNet
             ^^^^^^^^^^^^^^^^^^^^^^
  File "box\\config_box.py", line 31, in box.config_box.ConfigBox.__getattr__
  File "box\\box.py", line 649, in box.box.Box.__getattr__
box.exceptions.BoxKeyError: "'ConfigBox' object has no attribute 'elasticnet'"
[2025-04-15 21:48:52,509: INFO: main: Welcome to our custom logging data science]
[2025-04-15 21:48:52,509: INFO: main: >>>>>> stage Data Ingestion stage started <<<<<<]
[2025-04-15 21:48:52,512: INFO: common: yaml file: config\config.yaml loaded successfully]
[2025-04-15 21:48:52,513: INFO: common: yaml file: params.yaml loaded successfully]
[2025-04-15 21:48:52,514: INFO: common: yaml file: schema.yaml loaded successfully]
[2025-04-15 21:48:52,514: INFO: common: created directory at: artifacts]
[2025-04-15 21:48:52,514: INFO: common: created directory at: artifacts/data_ingestion]
[2025-04-15 21:48:52,519: INFO: data_ingestion: File copied from F:\zizo\MLOPS\datascienceproject\data\Temp_dataset.csv to artifacts/data_ingestion/Temp_dataset.csv]
[2025-04-15 21:48:52,519: INFO: main: >>>>>> stage Data Ingestion stage completed <<<<<<

x============x]
[2025-04-15 21:48:52,519: INFO: main: >>>>>> stage Data Validation stage started <<<<<<]
[2025-04-15 21:48:52,521: INFO: common: yaml file: config\config.yaml loaded successfully]
[2025-04-15 21:48:52,522: INFO: common: yaml file: params.yaml loaded successfully]
[2025-04-15 21:48:52,523: INFO: common: yaml file: schema.yaml loaded successfully]
[2025-04-15 21:48:52,523: INFO: common: created directory at: artifacts]
[2025-04-15 21:48:52,524: INFO: common: created directory at: artifacts/data_validation]
[2025-04-15 21:48:52,594: INFO: main: >>>>>> stage Data Validation stage completed <<<<<<

x============x]
[2025-04-15 21:48:52,595: INFO: main: >>>>>> stage Data Transformation stage started <<<<<<]
[2025-04-15 21:48:52,598: INFO: common: yaml file: config\config.yaml loaded successfully]
[2025-04-15 21:48:52,598: INFO: common: yaml file: params.yaml loaded successfully]
[2025-04-15 21:48:52,599: INFO: common: yaml file: schema.yaml loaded successfully]
[2025-04-15 21:48:52,599: INFO: common: created directory at: artifacts]
[2025-04-15 21:48:52,600: INFO: common: created directory at: artifacts/data_transformation]
[2025-04-15 21:48:52,929: INFO: data_transformation: Preprocessing the data]
[2025-04-15 21:48:52,929: INFO: data_transformation: (98446, 9)]
[2025-04-15 21:48:52,930: INFO: main: >>>>>> stage Data Transformation stage completed <<<<<<

x============x]
[2025-04-15 21:48:52,930: INFO: main: >>>>>> stage Model Trainer & evaluating StageModel Trainer  stage started <<<<<<]
[2025-04-15 21:48:52,932: INFO: common: yaml file: config\config.yaml loaded successfully]
[2025-04-15 21:48:52,933: INFO: common: yaml file: params.yaml loaded successfully]
[2025-04-15 21:48:52,934: INFO: common: yaml file: schema.yaml loaded successfully]
[2025-04-15 21:48:52,934: INFO: common: created directory at: artifacts]
[2025-04-15 21:48:52,935: INFO: common: created directory at: artifacts/model_trainer]
[2025-04-15 21:52:20,172: INFO: common: created directory at: artifacts/model_evaluation]
[2025-04-15 21:52:23,811: INFO: common: json file saved at: artifacts\model_evaluation\metrics.json]
[2025-04-15 21:52:35,500: INFO: main: >>>>>> stage Model Trainer & evaluating StageModel Trainer  stage completed <<<<<<

x============x]
[2025-04-15 22:01:18,795: INFO: main: Welcome to our custom logging data science]
[2025-04-15 22:01:18,795: INFO: main: >>>>>> stage Data Ingestion stage started <<<<<<]
[2025-04-15 22:01:18,798: INFO: common: yaml file: config\config.yaml loaded successfully]
[2025-04-15 22:01:18,798: INFO: common: yaml file: params.yaml loaded successfully]
[2025-04-15 22:01:18,799: INFO: common: yaml file: schema.yaml loaded successfully]
[2025-04-15 22:01:18,800: INFO: common: created directory at: artifacts]
[2025-04-15 22:01:18,800: INFO: common: created directory at: artifacts/data_ingestion]
[2025-04-15 22:01:18,804: INFO: data_ingestion: File copied from F:\zizo\MLOPS\datascienceproject\data\Temp_dataset.csv to artifacts/data_ingestion/Temp_dataset.csv]
[2025-04-15 22:01:18,805: INFO: main: >>>>>> stage Data Ingestion stage completed <<<<<<

x============x]
[2025-04-15 22:01:18,805: INFO: main: >>>>>> stage Data Validation stage started <<<<<<]
[2025-04-15 22:01:18,807: INFO: common: yaml file: config\config.yaml loaded successfully]
[2025-04-15 22:01:18,808: INFO: common: yaml file: params.yaml loaded successfully]
[2025-04-15 22:01:18,810: INFO: common: yaml file: schema.yaml loaded successfully]
[2025-04-15 22:01:18,810: INFO: common: created directory at: artifacts]
[2025-04-15 22:01:18,810: INFO: common: created directory at: artifacts/data_validation]
[2025-04-15 22:01:18,887: INFO: main: >>>>>> stage Data Validation stage completed <<<<<<

x============x]
[2025-04-15 22:01:18,888: INFO: main: >>>>>> stage Data Transformation stage started <<<<<<]
[2025-04-15 22:01:18,890: INFO: common: yaml file: config\config.yaml loaded successfully]
[2025-04-15 22:01:18,891: INFO: common: yaml file: params.yaml loaded successfully]
[2025-04-15 22:01:18,892: INFO: common: yaml file: schema.yaml loaded successfully]
[2025-04-15 22:01:18,893: INFO: common: created directory at: artifacts]
[2025-04-15 22:01:18,893: INFO: common: created directory at: artifacts/data_transformation]
[2025-04-15 22:01:19,262: INFO: data_transformation: Preprocessing the data]
[2025-04-15 22:01:19,263: INFO: data_transformation: (98446, 9)]
[2025-04-15 22:01:19,263: INFO: main: >>>>>> stage Data Transformation stage completed <<<<<<

x============x]
[2025-04-15 22:01:19,263: INFO: main: >>>>>> stage Model Trainer & evaluating StageModel Trainer  stage started <<<<<<]
[2025-04-15 22:01:19,265: INFO: common: yaml file: config\config.yaml loaded successfully]
[2025-04-15 22:01:19,266: INFO: common: yaml file: params.yaml loaded successfully]
[2025-04-15 22:01:19,267: INFO: common: yaml file: schema.yaml loaded successfully]
[2025-04-15 22:01:19,267: INFO: common: created directory at: artifacts]
[2025-04-15 22:01:19,267: INFO: common: created directory at: artifacts/model_trainer]
[2025-04-15 22:04:08,027: ERROR: main: ModelTrainingrainingPipeline.initiate_model_evaluating() missing 2 required positional arguments: 'test_x' and 'test_y']
Traceback (most recent call last):
  File "F:\zizo\MLOPS\datascienceproject\main.py", line 48, in <module>
    obj.initiate_model_evaluating()
TypeError: ModelTrainingrainingPipeline.initiate_model_evaluating() missing 2 required positional arguments: 'test_x' and 'test_y'
[2025-04-15 22:10:57,883: INFO: main: Welcome to our custom logging data science]
[2025-04-15 22:10:57,884: INFO: main: >>>>>> stage Data Ingestion stage started <<<<<<]
[2025-04-15 22:10:57,886: INFO: common: yaml file: config\config.yaml loaded successfully]
[2025-04-15 22:10:57,888: INFO: common: yaml file: params.yaml loaded successfully]
[2025-04-15 22:10:57,889: INFO: common: yaml file: schema.yaml loaded successfully]
[2025-04-15 22:10:57,889: INFO: common: created directory at: artifacts]
[2025-04-15 22:10:57,889: INFO: common: created directory at: artifacts/data_ingestion]
[2025-04-15 22:10:57,894: INFO: data_ingestion: File copied from F:\zizo\MLOPS\datascienceproject\data\Temp_dataset.csv to artifacts/data_ingestion/Temp_dataset.csv]
[2025-04-15 22:10:57,895: INFO: main: >>>>>> stage Data Ingestion stage completed <<<<<<

x============x]
[2025-04-15 22:10:57,895: INFO: main: >>>>>> stage Data Validation stage started <<<<<<]
[2025-04-15 22:10:57,897: INFO: common: yaml file: config\config.yaml loaded successfully]
[2025-04-15 22:10:57,897: INFO: common: yaml file: params.yaml loaded successfully]
[2025-04-15 22:10:57,898: INFO: common: yaml file: schema.yaml loaded successfully]
[2025-04-15 22:10:57,899: INFO: common: created directory at: artifacts]
[2025-04-15 22:10:57,899: INFO: common: created directory at: artifacts/data_validation]
[2025-04-15 22:10:57,981: INFO: main: >>>>>> stage Data Validation stage completed <<<<<<

x============x]
[2025-04-15 22:10:57,981: INFO: main: >>>>>> stage Data Transformation stage started <<<<<<]
[2025-04-15 22:10:57,984: INFO: common: yaml file: config\config.yaml loaded successfully]
[2025-04-15 22:10:57,986: INFO: common: yaml file: params.yaml loaded successfully]
[2025-04-15 22:10:57,987: INFO: common: yaml file: schema.yaml loaded successfully]
[2025-04-15 22:10:57,987: INFO: common: created directory at: artifacts]
[2025-04-15 22:10:57,987: INFO: common: created directory at: artifacts/data_transformation]
[2025-04-15 22:10:58,338: INFO: data_transformation: Preprocessing the data]
[2025-04-15 22:10:58,339: INFO: data_transformation: (98446, 9)]
[2025-04-15 22:10:58,339: INFO: main: >>>>>> stage Data Transformation stage completed <<<<<<

x============x]
[2025-04-15 22:10:58,339: INFO: main: >>>>>> stage Model Trainer & evaluating StageModel Trainer  stage started <<<<<<]
[2025-04-15 22:10:58,341: INFO: common: yaml file: config\config.yaml loaded successfully]
[2025-04-15 22:10:58,342: INFO: common: yaml file: params.yaml loaded successfully]
[2025-04-15 22:10:58,344: INFO: common: yaml file: schema.yaml loaded successfully]
[2025-04-15 22:10:58,344: INFO: common: created directory at: artifacts]
[2025-04-15 22:10:58,344: INFO: common: created directory at: artifacts/model_trainer]
[2025-04-15 22:14:10,993: ERROR: main: ModelTrainingrainingPipeline.initiate_model_evaluating() missing 2 required positional arguments: 'test_x' and 'test_y']
Traceback (most recent call last):
  File "F:\zizo\MLOPS\datascienceproject\main.py", line 48, in <module>
    obj.initiate_model_evaluating()
TypeError: ModelTrainingrainingPipeline.initiate_model_evaluating() missing 2 required positional arguments: 'test_x' and 'test_y'
[2025-04-15 22:15:40,031: INFO: main: Welcome to our custom logging data science]
[2025-04-15 22:15:40,031: INFO: main: >>>>>> stage Data Ingestion stage started <<<<<<]
[2025-04-15 22:15:40,034: INFO: common: yaml file: config\config.yaml loaded successfully]
[2025-04-15 22:15:40,035: INFO: common: yaml file: params.yaml loaded successfully]
[2025-04-15 22:15:40,036: INFO: common: yaml file: schema.yaml loaded successfully]
[2025-04-15 22:15:40,036: INFO: common: created directory at: artifacts]
[2025-04-15 22:15:40,036: INFO: common: created directory at: artifacts/data_ingestion]
[2025-04-15 22:15:40,041: INFO: data_ingestion: File copied from F:\zizo\MLOPS\datascienceproject\data\Temp_dataset.csv to artifacts/data_ingestion/Temp_dataset.csv]
[2025-04-15 22:15:40,041: INFO: main: >>>>>> stage Data Ingestion stage completed <<<<<<

x============x]
[2025-04-15 22:15:40,041: INFO: main: >>>>>> stage Data Validation stage started <<<<<<]
[2025-04-15 22:15:40,044: INFO: common: yaml file: config\config.yaml loaded successfully]
[2025-04-15 22:15:40,045: INFO: common: yaml file: params.yaml loaded successfully]
[2025-04-15 22:15:40,046: INFO: common: yaml file: schema.yaml loaded successfully]
[2025-04-15 22:15:40,047: INFO: common: created directory at: artifacts]
[2025-04-15 22:15:40,047: INFO: common: created directory at: artifacts/data_validation]
[2025-04-15 22:15:40,116: INFO: main: >>>>>> stage Data Validation stage completed <<<<<<

x============x]
[2025-04-15 22:15:40,117: INFO: main: >>>>>> stage Data Transformation stage started <<<<<<]
[2025-04-15 22:15:40,119: INFO: common: yaml file: config\config.yaml loaded successfully]
[2025-04-15 22:15:40,120: INFO: common: yaml file: params.yaml loaded successfully]
[2025-04-15 22:15:40,121: INFO: common: yaml file: schema.yaml loaded successfully]
[2025-04-15 22:15:40,122: INFO: common: created directory at: artifacts]
[2025-04-15 22:15:40,122: INFO: common: created directory at: artifacts/data_transformation]
[2025-04-15 22:15:40,457: INFO: data_transformation: Preprocessing the data]
[2025-04-15 22:15:40,457: INFO: data_transformation: (98446, 9)]
[2025-04-15 22:15:40,457: INFO: main: >>>>>> stage Data Transformation stage completed <<<<<<

x============x]
[2025-04-15 22:15:40,458: INFO: main: >>>>>> stage Model Trainer & evaluating StageModel Trainer  stage started <<<<<<]
[2025-04-15 22:15:40,459: INFO: common: yaml file: config\config.yaml loaded successfully]
[2025-04-15 22:15:40,460: INFO: common: yaml file: params.yaml loaded successfully]
[2025-04-15 22:15:40,461: INFO: common: yaml file: schema.yaml loaded successfully]
[2025-04-15 22:15:40,462: INFO: common: created directory at: artifacts]
[2025-04-15 22:15:40,462: INFO: common: created directory at: artifacts/model_trainer]
[2025-04-15 22:18:04,613: INFO: common: yaml file: config\config.yaml loaded successfully]
[2025-04-15 22:18:04,614: INFO: common: yaml file: params.yaml loaded successfully]
[2025-04-15 22:18:04,615: INFO: common: yaml file: schema.yaml loaded successfully]
[2025-04-15 22:18:04,616: INFO: common: created directory at: artifacts]
[2025-04-15 22:18:04,616: INFO: common: created directory at: artifacts/model_evaluation]
[2025-04-15 22:18:08,356: INFO: common: json file saved at: artifacts\model_evaluation\metrics.json]
[2025-04-15 22:18:17,252: INFO: main: >>>>>> stage Model Trainer & evaluating StageModel Trainer  stage completed <<<<<<

x============x]
[2025-04-15 22:31:13,785: INFO: common: yaml file: config\config.yaml loaded successfully]
[2025-04-15 22:31:13,787: INFO: common: yaml file: params.yaml loaded successfully]
[2025-04-15 22:31:13,789: INFO: common: yaml file: schema.yaml loaded successfully]
[2025-04-15 22:31:13,790: INFO: common: created directory at: artifacts]
[2025-04-15 22:31:13,792: INFO: common: created directory at: artifacts/model_evaluation]
[2025-04-15 22:31:17,907: INFO: common: json file saved at: artifacts\model_evaluation\metrics.json]
[2025-04-15 22:44:07,185: INFO: main: Welcome to our custom logging data science]
[2025-04-15 22:44:07,185: INFO: main: >>>>>> stage Data Ingestion stage started <<<<<<]
[2025-04-15 22:44:07,187: INFO: common: yaml file: config\config.yaml loaded successfully]
[2025-04-15 22:44:07,188: INFO: common: yaml file: params.yaml loaded successfully]
[2025-04-15 22:44:07,189: INFO: common: yaml file: schema.yaml loaded successfully]
[2025-04-15 22:44:07,190: INFO: common: created directory at: artifacts]
[2025-04-15 22:44:07,190: INFO: common: created directory at: artifacts/data_ingestion]
[2025-04-15 22:44:07,195: INFO: data_ingestion: File copied from F:\zizo\MLOPS\datascienceproject\data\Temp_dataset.csv to artifacts/data_ingestion/Temp_dataset.csv]
[2025-04-15 22:44:07,195: INFO: main: >>>>>> stage Data Ingestion stage completed <<<<<<

x============x]
[2025-04-15 22:44:07,195: INFO: main: >>>>>> stage Data Validation stage started <<<<<<]
[2025-04-15 22:44:07,197: INFO: common: yaml file: config\config.yaml loaded successfully]
[2025-04-15 22:44:07,198: INFO: common: yaml file: params.yaml loaded successfully]
[2025-04-15 22:44:07,199: INFO: common: yaml file: schema.yaml loaded successfully]
[2025-04-15 22:44:07,200: INFO: common: created directory at: artifacts]
[2025-04-15 22:44:07,200: INFO: common: created directory at: artifacts/data_validation]
[2025-04-15 22:44:07,285: INFO: main: >>>>>> stage Data Validation stage completed <<<<<<

x============x]
[2025-04-15 22:44:07,285: INFO: main: >>>>>> stage Data Transformation stage started <<<<<<]
[2025-04-15 22:44:07,287: INFO: common: yaml file: config\config.yaml loaded successfully]
[2025-04-15 22:44:07,288: INFO: common: yaml file: params.yaml loaded successfully]
[2025-04-15 22:44:07,290: INFO: common: yaml file: schema.yaml loaded successfully]
[2025-04-15 22:44:07,290: INFO: common: created directory at: artifacts]
[2025-04-15 22:44:07,290: INFO: common: created directory at: artifacts/data_transformation]
[2025-04-15 22:44:07,644: INFO: data_transformation: Preprocessing the data]
[2025-04-15 22:44:07,644: INFO: data_transformation: (98446, 9)]
[2025-04-15 22:44:07,645: INFO: main: >>>>>> stage Data Transformation stage completed <<<<<<

x============x]
[2025-04-15 22:44:07,645: INFO: main: >>>>>> stage Model Trainer & evaluating StageModel Trainer  stage started <<<<<<]
[2025-04-15 22:44:07,647: INFO: common: yaml file: config\config.yaml loaded successfully]
[2025-04-15 22:44:07,648: INFO: common: yaml file: params.yaml loaded successfully]
[2025-04-15 22:44:07,649: INFO: common: yaml file: schema.yaml loaded successfully]
[2025-04-15 22:44:07,650: INFO: common: created directory at: artifacts]
[2025-04-15 22:44:07,650: INFO: common: created directory at: artifacts/model_trainer]
[2025-04-15 22:47:31,743: INFO: common: yaml file: config\config.yaml loaded successfully]
[2025-04-15 22:47:31,744: INFO: common: yaml file: params.yaml loaded successfully]
[2025-04-15 22:47:31,745: INFO: common: yaml file: schema.yaml loaded successfully]
[2025-04-15 22:47:31,746: INFO: common: created directory at: artifacts]
[2025-04-15 22:47:31,746: INFO: common: created directory at: artifacts/model_evaluation]
[2025-04-15 22:47:39,207: INFO: common: json file saved at: artifacts\model_evaluation\metrics.json]
[2025-04-15 22:48:11,579: INFO: main: >>>>>> stage Model Trainer & evaluating StageModel Trainer  stage completed <<<<<<

x============x]
[2025-04-16 00:27:38,284: INFO: _internal: [31m[1mWARNING: This is a development server. Do not use it in a production deployment. Use a production WSGI server instead.[0m
 * Running on all addresses (0.0.0.0)
 * Running on http://127.0.0.1:8080
 * Running on http://192.168.8.204:8080]
[2025-04-16 00:27:38,284: INFO: _internal: [33mPress CTRL+C to quit[0m]
[2025-04-16 00:27:58,417: INFO: _internal: 192.168.8.204 - - [16/Apr/2025 00:27:58] "GET / HTTP/1.1" 200 -]
[2025-04-16 00:27:58,531: INFO: _internal: 192.168.8.204 - - [16/Apr/2025 00:27:58] "[33mGET /favicon.ico HTTP/1.1[0m" 404 -]
[2025-04-16 00:32:40,571: INFO: _internal: 192.168.8.204 - - [16/Apr/2025 00:32:40] "POST /predict HTTP/1.1" 200 -]
[2025-04-16 00:41:47,108: INFO: main: Welcome to our custom logging data science]
[2025-04-16 00:41:47,108: INFO: main: >>>>>> stage Data Ingestion stage started <<<<<<]
[2025-04-16 00:41:47,117: INFO: common: yaml file: config\config.yaml loaded successfully]
[2025-04-16 00:41:47,124: INFO: common: yaml file: params.yaml loaded successfully]
[2025-04-16 00:41:47,133: INFO: common: yaml file: schema.yaml loaded successfully]
[2025-04-16 00:41:47,134: INFO: common: created directory at: artifacts]
[2025-04-16 00:41:47,134: INFO: common: created directory at: artifacts/data_ingestion]
[2025-04-16 00:41:47,173: INFO: data_ingestion: File copied from F:\zizo\MLOPS\datascienceproject\data\Temp_dataset.csv to artifacts/data_ingestion/Temp_dataset.csv]
[2025-04-16 00:41:47,173: INFO: main: >>>>>> stage Data Ingestion stage completed <<<<<<

x============x]
[2025-04-16 00:41:47,175: INFO: main: >>>>>> stage Data Validation stage started <<<<<<]
[2025-04-16 00:41:47,177: INFO: common: yaml file: config\config.yaml loaded successfully]
[2025-04-16 00:41:47,178: INFO: common: yaml file: params.yaml loaded successfully]
[2025-04-16 00:41:47,180: INFO: common: yaml file: schema.yaml loaded successfully]
[2025-04-16 00:41:47,180: INFO: common: created directory at: artifacts]
[2025-04-16 00:41:47,181: INFO: common: created directory at: artifacts/data_validation]
[2025-04-16 00:41:47,274: INFO: main: >>>>>> stage Data Validation stage completed <<<<<<

x============x]
[2025-04-16 00:41:47,274: INFO: main: >>>>>> stage Data Transformation stage started <<<<<<]
[2025-04-16 00:41:47,284: INFO: common: yaml file: config\config.yaml loaded successfully]
[2025-04-16 00:41:47,285: INFO: common: yaml file: params.yaml loaded successfully]
[2025-04-16 00:41:47,286: INFO: common: yaml file: schema.yaml loaded successfully]
[2025-04-16 00:41:47,287: INFO: common: created directory at: artifacts]
[2025-04-16 00:41:47,287: INFO: common: created directory at: artifacts/data_transformation]
[2025-04-16 00:41:47,657: INFO: data_transformation: Preprocessing the data]
[2025-04-16 00:41:47,657: INFO: data_transformation: (98446, 9)]
[2025-04-16 00:41:47,658: INFO: main: >>>>>> stage Data Transformation stage completed <<<<<<

x============x]
[2025-04-16 00:41:47,658: INFO: main: >>>>>> stage Model Trainer & evaluating StageModel Trainer  stage started <<<<<<]
[2025-04-16 00:41:47,660: INFO: common: yaml file: config\config.yaml loaded successfully]
[2025-04-16 00:41:47,661: INFO: common: yaml file: params.yaml loaded successfully]
[2025-04-16 00:41:47,662: INFO: common: yaml file: schema.yaml loaded successfully]
[2025-04-16 00:41:47,662: INFO: common: created directory at: artifacts]
[2025-04-16 00:41:47,664: INFO: common: created directory at: artifacts/model_trainer]
[2025-04-16 00:45:27,119: INFO: common: yaml file: config\config.yaml loaded successfully]
[2025-04-16 00:45:27,120: INFO: common: yaml file: params.yaml loaded successfully]
[2025-04-16 00:45:27,121: INFO: common: yaml file: schema.yaml loaded successfully]
[2025-04-16 00:45:27,122: INFO: common: created directory at: artifacts]
[2025-04-16 00:45:27,122: INFO: common: created directory at: artifacts/model_evaluation]
[2025-04-16 00:45:30,655: INFO: common: json file saved at: artifacts\model_evaluation\metrics.json]
[2025-04-16 00:45:49,479: INFO: main: >>>>>> stage Model Trainer & evaluating StageModel Trainer  stage completed <<<<<<

x============x]
[2025-04-16 00:46:27,027: INFO: _internal: [31m[1mWARNING: This is a development server. Do not use it in a production deployment. Use a production WSGI server instead.[0m
 * Running on all addresses (0.0.0.0)
 * Running on http://127.0.0.1:8080
 * Running on http://192.168.8.204:8080]
[2025-04-16 00:46:27,027: INFO: _internal: [33mPress CTRL+C to quit[0m]
[2025-04-16 00:46:33,865: INFO: _internal: 192.168.8.204 - - [16/Apr/2025 00:46:33] "GET / HTTP/1.1" 200 -]
[2025-04-16 00:52:59,751: INFO: _internal: 192.168.8.204 - - [16/Apr/2025 00:52:59] "POST /predict HTTP/1.1" 200 -]
